[0.899s] Invoking command in '/home/uav/cs2_ws/build/p2p_controller': PYTHONPATH=/home/uav/cs2_ws/build/p2p_controller/prefix_override:/usr/lib/python3/dist-packages/colcon_core/task/python/colcon_distutils_commands:/home/uav/cs2_ws/install/p2p_controller/lib/python3.10/site-packages:${PYTHONPATH} /usr/bin/python3 -W ignore:setup.py install is deprecated -W ignore:easy_install command is deprecated setup.py develop --editable --build-directory /home/uav/cs2_ws/build/p2p_controller/build --no-deps symlink_data
[1.225s] running develop
[1.456s] running egg_info
[1.456s] creating p2p_controller.egg-info
[1.456s] writing p2p_controller.egg-info/PKG-INFO
[1.456s] writing dependency_links to p2p_controller.egg-info/dependency_links.txt
[1.456s] writing entry points to p2p_controller.egg-info/entry_points.txt
[1.456s] writing requirements to p2p_controller.egg-info/requires.txt
[1.457s] writing top-level names to p2p_controller.egg-info/top_level.txt
[1.457s] writing manifest file 'p2p_controller.egg-info/SOURCES.txt'
[1.459s] reading manifest file 'p2p_controller.egg-info/SOURCES.txt'
[1.460s] writing manifest file 'p2p_controller.egg-info/SOURCES.txt'
[1.463s] running build_ext
[1.463s] Creating /home/uav/cs2_ws/install/p2p_controller/lib/python3.10/site-packages/p2p-controller.egg-link (link to .)
[1.464s] Installing move script to /home/uav/cs2_ws/install/p2p_controller/bin
[1.465s] 
[1.465s] Installed /home/uav/cs2_ws/build/p2p_controller
[1.465s] running symlink_data
[1.465s] creating /home/uav/cs2_ws/install/p2p_controller/share/ament_index
[1.465s] creating /home/uav/cs2_ws/install/p2p_controller/share/ament_index/resource_index
[1.465s] creating /home/uav/cs2_ws/install/p2p_controller/share/ament_index/resource_index/packages
[1.465s] symbolically linking /home/uav/cs2_ws/build/p2p_controller/resource/p2p_controller -> /home/uav/cs2_ws/install/p2p_controller/share/ament_index/resource_index/packages
[1.465s] symbolically linking /home/uav/cs2_ws/build/p2p_controller/package.xml -> /home/uav/cs2_ws/install/p2p_controller/share/p2p_controller
[1.499s] Invoked command in '/home/uav/cs2_ws/build/p2p_controller' returned '0': PYTHONPATH=/home/uav/cs2_ws/build/p2p_controller/prefix_override:/usr/lib/python3/dist-packages/colcon_core/task/python/colcon_distutils_commands:/home/uav/cs2_ws/install/p2p_controller/lib/python3.10/site-packages:${PYTHONPATH} /usr/bin/python3 -W ignore:setup.py install is deprecated -W ignore:easy_install command is deprecated setup.py develop --editable --build-directory /home/uav/cs2_ws/build/p2p_controller/build --no-deps symlink_data
