[0.213s] Invoking command in '/home/uav/cs2_ws/build/crazyflie': CMAKE_PREFIX_PATH=/home/uav/cs2_ws/install/crazyflie_interfaces:/home/uav/cs2_ws/install/ros_gz_crazyflie_bringup:/home/uav/cs2_ws/install/ros_gz_crazyflie_gazebo:/home/uav/cs2_ws/install/crazyflie_sim:/home/uav/cs2_ws/install/crazyflie_examples:/home/uav/cs2_ws/install/crazyflie:/home/uav/cs2_ws/install/crazyflie_description:/home/uav/cs2_ws/install/ros_gz_crazyflie_control:/home/uav/cs2_ws/install/p2p_controller:/home/uav/cs2_ws/install/crazyflie_py:/opt/ros/humble /usr/bin/cmake /home/uav/cs2_ws/src/crazyswarm2/crazyflie -DAMENT_CMAKE_SYMLINK_INSTALL=1 -DCMAKE_INSTALL_PREFIX=/home/uav/cs2_ws/install/crazyflie
[0.261s] -- The C compiler identification is GNU 11.4.0
[0.310s] -- The CXX compiler identification is GNU 11.4.0
[0.318s] -- Detecting C compiler ABI info
[0.382s] -- Detecting C compiler ABI info - done
[0.390s] -- Check for working C compiler: /usr/bin/cc - skipped
[0.390s] -- Detecting C compile features
[0.390s] -- Detecting C compile features - done
[0.394s] -- Detecting CXX compiler ABI info
[0.468s] -- Detecting CXX compiler ABI info - done
[0.474s] -- Check for working CXX compiler: /usr/bin/c++ - skipped
[0.475s] -- Detecting CXX compile features
[0.475s] -- Detecting CXX compile features - done
[0.478s] -- Found ament_cmake: 1.3.11 (/opt/ros/humble/share/ament_cmake/cmake)
[0.634s] -- Found Python3: /usr/bin/python3 (found version "3.10.12") found components: Interpreter 
[0.705s] -- Override CMake install command with custom implementation using symlinks instead of copying resources
[0.727s] -- Found rclcpp: 16.0.11 (/opt/ros/humble/share/rclcpp/cmake)
[0.758s] -- Found rosidl_generator_c: 3.1.6 (/opt/ros/humble/share/rosidl_generator_c/cmake)
[0.762s] -- Found rosidl_adapter: 3.1.6 (/opt/ros/humble/share/rosidl_adapter/cmake)
[0.769s] -- Found rosidl_generator_cpp: 3.1.6 (/opt/ros/humble/share/rosidl_generator_cpp/cmake)
[0.780s] -- Using all available rosidl_typesupport_c: rosidl_typesupport_fastrtps_c;rosidl_typesupport_introspection_c
[0.795s] -- Using all available rosidl_typesupport_cpp: rosidl_typesupport_fastrtps_cpp;rosidl_typesupport_introspection_cpp
[0.838s] -- Found rmw_implementation_cmake: 6.1.2 (/opt/ros/humble/share/rmw_implementation_cmake/cmake)
[0.840s] -- Found rmw_fastrtps_cpp: 6.2.7 (/opt/ros/humble/share/rmw_fastrtps_cpp/cmake)
[0.931s] -- Found OpenSSL: /usr/lib/x86_64-linux-gnu/libcrypto.so (found version "3.0.2")  
[0.963s] -- Found FastRTPS: /opt/ros/humble/include  
[1.007s] -- Using RMW implementation 'rmw_fastrtps_cpp' as default
[1.019s] -- Looking for pthread.h
[1.094s] -- Looking for pthread.h - found
[1.094s] -- Performing Test CMAKE_HAVE_LIBC_PTHREAD
[1.167s] -- Performing Test CMAKE_HAVE_LIBC_PTHREAD - Success
[1.169s] -- Found Threads: TRUE  
[1.219s] -- Found tf2_ros: 0.25.12 (/opt/ros/humble/share/tf2_ros/cmake)
[1.357s] -- Found rclpy: 3.3.15 (/opt/ros/humble/share/rclpy/cmake)
[1.360s] -- Found std_srvs: 4.2.4 (/opt/ros/humble/share/std_srvs/cmake)
[1.373s] -- Found nav_msgs: 4.2.4 (/opt/ros/humble/share/nav_msgs/cmake)
[1.397s] -- Found sensor_msgs: 4.2.4 (/opt/ros/humble/share/sensor_msgs/cmake)
[1.419s] -- Found crazyflie_interfaces: 1.0.3 (/home/uav/cs2_ws/install/crazyflie_interfaces/share/crazyflie_interfaces/cmake)
[1.439s] -- Found motion_capture_tracking_interfaces: 1.0.5 (/opt/ros/humble/share/motion_capture_tracking_interfaces/cmake)
[1.468s] -- Found ros_environment: 3.2.2 (/opt/ros/humble/share/ros_environment/cmake)
[1.482s] -- Found Boost: /usr/lib/x86_64-linux-gnu/cmake/Boost-1.74.0/BoostConfig.cmake (found version "1.74.0") found components: program_options 
[1.488s] -- Found libusb: /usr/lib/x86_64-linux-gnu/libusb-1.0.so  
[1.585s] -- Configuring done
[1.620s] -- Generating done
[1.632s] -- Build files have been written to: /home/uav/cs2_ws/build/crazyflie
[1.648s] Invoked command in '/home/uav/cs2_ws/build/crazyflie' returned '0': CMAKE_PREFIX_PATH=/home/uav/cs2_ws/install/crazyflie_interfaces:/home/uav/cs2_ws/install/ros_gz_crazyflie_bringup:/home/uav/cs2_ws/install/ros_gz_crazyflie_gazebo:/home/uav/cs2_ws/install/crazyflie_sim:/home/uav/cs2_ws/install/crazyflie_examples:/home/uav/cs2_ws/install/crazyflie:/home/uav/cs2_ws/install/crazyflie_description:/home/uav/cs2_ws/install/ros_gz_crazyflie_control:/home/uav/cs2_ws/install/p2p_controller:/home/uav/cs2_ws/install/crazyflie_py:/opt/ros/humble /usr/bin/cmake /home/uav/cs2_ws/src/crazyswarm2/crazyflie -DAMENT_CMAKE_SYMLINK_INSTALL=1 -DCMAKE_INSTALL_PREFIX=/home/uav/cs2_ws/install/crazyflie
[1.649s] Invoking command in '/home/uav/cs2_ws/build/crazyflie': CMAKE_PREFIX_PATH=/home/uav/cs2_ws/install/crazyflie_interfaces:/home/uav/cs2_ws/install/ros_gz_crazyflie_bringup:/home/uav/cs2_ws/install/ros_gz_crazyflie_gazebo:/home/uav/cs2_ws/install/crazyflie_sim:/home/uav/cs2_ws/install/crazyflie_examples:/home/uav/cs2_ws/install/crazyflie:/home/uav/cs2_ws/install/crazyflie_description:/home/uav/cs2_ws/install/ros_gz_crazyflie_control:/home/uav/cs2_ws/install/p2p_controller:/home/uav/cs2_ws/install/crazyflie_py:/opt/ros/humble /usr/bin/cmake --build /home/uav/cs2_ws/build/crazyflie -- -j12 -l12
[1.713s] [  2%] [32mBuilding CXX object CMakeFiles/teleop.dir/src/teleop.cpp.o[0m
[1.714s] [  5%] [32mBuilding CXX object deps/crazyflie_tools/crazyflie_cpp/crazyflie-link-cpp/CMakeFiles/crazyflieLinkCpp.dir/src/USBManager.cpp.o[0m
[1.714s] [  7%] [32mBuilding CXX object deps/crazyflie_tools/crazyflie_cpp/crazyflie-link-cpp/CMakeFiles/crazyflieLinkCpp.dir/src/USBDevice.cpp.o[0m
[1.714s] [ 10%] [32mBuilding CXX object deps/crazyflie_tools/crazyflie_cpp/crazyflie-link-cpp/CMakeFiles/crazyflieLinkCpp.dir/src/Connection.cpp.o[0m
[1.714s] [ 12%] [32mBuilding CXX object deps/crazyflie_tools/crazyflie_cpp/crazyflie-link-cpp/CMakeFiles/crazyflieLinkCpp.dir/src/CrazyradioThread.cpp.o[0m
[1.715s] [ 15%] [32mBuilding CXX object deps/crazyflie_tools/crazyflie_cpp/crazyflie-link-cpp/CMakeFiles/crazyflieLinkCpp.dir/src/CrazyflieUSB.cpp.o[0m
[1.718s] [ 17%] [32mBuilding CXX object deps/crazyflie_tools/crazyflie_cpp/crazyflie-link-cpp/CMakeFiles/crazyflieLinkCpp.dir/src/Crazyradio.cpp.o[0m
[1.724s] [ 20%] [32mBuilding CXX object deps/crazyflie_tools/crazyflie_cpp/crazyflie-link-cpp/CMakeFiles/crazyflieLinkCpp.dir/src/CrazyflieUSBThread.cpp.o[0m
[1.726s] [ 22%] [32mBuilding CXX object deps/crazyflie_tools/crazyflie_cpp/crazyflie-link-cpp/CMakeFiles/crazyflieLinkCpp.dir/src/Version.cpp.o[0m
[5.109s] [ 25%] [32m[1mLinking CXX static library libcrazyflieLinkCpp.a[0m
[5.179s] [ 25%] Built target crazyflieLinkCpp
[5.197s] [ 27%] [32mBuilding CXX object deps/crazyflie_tools/crazyflie_cpp/CMakeFiles/crazyflie_cpp.dir/src/Crazyflie.cpp.o[0m
[5.199s] [ 30%] [32mBuilding CXX object deps/crazyflie_tools/crazyflie_cpp/CMakeFiles/crazyflie_cpp.dir/src/crtp.cpp.o[0m
[7.543s] [ 32%] [32m[1mLinking CXX static library libcrazyflie_cpp.a[0m
[7.593s] [ 32%] Built target crazyflie_cpp
[7.614s] [ 35%] [32mBuilding CXX object deps/crazyflie_tools/CMakeFiles/scan.dir/src/scan.cpp.o[0m
[7.616s] [ 42%] [32mBuilding CXX object deps/crazyflie_tools/CMakeFiles/listMemories.dir/src/listMemories.cpp.o[0m
[7.616s] [ 42%] [32mBuilding CXX object deps/crazyflie_tools/CMakeFiles/version.dir/src/version.cpp.o[0m
[7.616s] [ 42%] [32mBuilding CXX object CMakeFiles/crazyflie_server.dir/src/crazyflie_server.cpp.o[0m
[7.616s] [ 47%] [32mBuilding CXX object deps/crazyflie_tools/CMakeFiles/listLogVariables.dir/src/listLogVariables.cpp.o[0m
[7.616s] [ 47%] [32mBuilding CXX object deps/crazyflie_tools/CMakeFiles/reboot.dir/src/reboot.cpp.o[0m
[7.616s] [ 50%] [32mBuilding CXX object deps/crazyflie_tools/CMakeFiles/listParams.dir/src/listParams.cpp.o[0m
[7.618s] [ 52%] [32mBuilding CXX object deps/crazyflie_tools/CMakeFiles/console.dir/src/console.cpp.o[0m
[7.621s] [ 55%] [32mBuilding CXX object deps/crazyflie_tools/CMakeFiles/battery.dir/src/battery.cpp.o[0m
[7.624s] [ 57%] [32mBuilding CXX object deps/crazyflie_tools/CMakeFiles/log.dir/src/log.cpp.o[0m
[7.626s] [ 60%] [32mBuilding CXX object deps/crazyflie_tools/CMakeFiles/comCheck.dir/src/comCheck.cpp.o[0m
[10.268s] [ 62%] [32m[1mLinking CXX executable listParams[0m
[10.307s] [ 65%] [32m[1mLinking CXX executable listMemories[0m
[10.320s] [ 67%] [32m[1mLinking CXX executable listLogVariables[0m
[10.372s] [ 70%] [32m[1mLinking CXX executable version[0m
[10.385s] [ 72%] [32m[1mLinking CXX executable scan[0m
[10.640s] [ 75%] [32m[1mLinking CXX executable reboot[0m
[10.748s] [ 77%] [32m[1mLinking CXX executable console[0m
[10.788s] [ 77%] Built target listMemories
[10.824s] [ 80%] [32mBuilding CXX object deps/crazyflie_tools/CMakeFiles/downloadUSDLogfile.dir/src/downloadUSDLogfile.cpp.o[0m
[10.828s] [ 80%] Built target listLogVariables
[10.870s] [ 80%] Built target scan
[10.873s] [ 80%] Built target version
[10.877s] [ 82%] [32mBuilding CXX object deps/crazyflie_tools/CMakeFiles/setParam.dir/src/setParam.cpp.o[0m
[10.880s] [ 82%] Built target listParams
[10.893s] [ 85%] [32m[1mLinking CXX executable battery[0m
[10.939s] [ 87%] [32m[1mLinking CXX executable comCheck[0m
[11.111s] [ 87%] Built target reboot
[11.194s] [ 87%] Built target console
[11.306s] [ 87%] Built target battery
[11.315s] [ 90%] [32m[1mLinking CXX executable log[0m
[11.331s] [ 90%] Built target comCheck
[11.563s] [ 90%] Built target log
[12.713s] [ 92%] [32m[1mLinking CXX executable downloadUSDLogfile[0m
[13.013s] [ 92%] Built target downloadUSDLogfile
[13.232s] [ 95%] [32m[1mLinking CXX executable setParam[0m
[13.452s] [ 95%] Built target setParam
[18.347s] [ 97%] [32m[1mLinking CXX executable teleop[0m
[19.063s] [ 97%] Built target teleop
[37.420s] [100%] [32m[1mLinking CXX executable crazyflie_server[0m
[39.527s] [100%] Built target crazyflie_server
[39.557s] Invoked command in '/home/uav/cs2_ws/build/crazyflie' returned '0': CMAKE_PREFIX_PATH=/home/uav/cs2_ws/install/crazyflie_interfaces:/home/uav/cs2_ws/install/ros_gz_crazyflie_bringup:/home/uav/cs2_ws/install/ros_gz_crazyflie_gazebo:/home/uav/cs2_ws/install/crazyflie_sim:/home/uav/cs2_ws/install/crazyflie_examples:/home/uav/cs2_ws/install/crazyflie:/home/uav/cs2_ws/install/crazyflie_description:/home/uav/cs2_ws/install/ros_gz_crazyflie_control:/home/uav/cs2_ws/install/p2p_controller:/home/uav/cs2_ws/install/crazyflie_py:/opt/ros/humble /usr/bin/cmake --build /home/uav/cs2_ws/build/crazyflie -- -j12 -l12
[39.558s] Invoking command in '/home/uav/cs2_ws/build/crazyflie': CMAKE_PREFIX_PATH=/home/uav/cs2_ws/install/crazyflie_interfaces:/home/uav/cs2_ws/install/ros_gz_crazyflie_bringup:/home/uav/cs2_ws/install/ros_gz_crazyflie_gazebo:/home/uav/cs2_ws/install/crazyflie_sim:/home/uav/cs2_ws/install/crazyflie_examples:/home/uav/cs2_ws/install/crazyflie:/home/uav/cs2_ws/install/crazyflie_description:/home/uav/cs2_ws/install/ros_gz_crazyflie_control:/home/uav/cs2_ws/install/p2p_controller:/home/uav/cs2_ws/install/crazyflie_py:/opt/ros/humble /usr/bin/cmake --install /home/uav/cs2_ws/build/crazyflie
[39.569s] -- Install configuration: ""
[39.569s] -- Execute custom install script
[39.569s] -- Symlinking: /home/uav/cs2_ws/install/crazyflie/lib/crazyflie/comCheck
[39.578s] -- Symlinking: /home/uav/cs2_ws/install/crazyflie/lib/crazyflie/scan
[39.587s] -- Symlinking: /home/uav/cs2_ws/install/crazyflie/lib/crazyflie/listParams
[39.595s] -- Symlinking: /home/uav/cs2_ws/install/crazyflie/lib/crazyflie/listLogVariables
[39.601s] -- Symlinking: /home/uav/cs2_ws/install/crazyflie/lib/crazyflie/listMemories
[39.608s] -- Symlinking: /home/uav/cs2_ws/install/crazyflie/lib/crazyflie/reboot
[39.617s] -- Symlinking: /home/uav/cs2_ws/install/crazyflie/lib/crazyflie/battery
[39.624s] -- Symlinking: /home/uav/cs2_ws/install/crazyflie/lib/crazyflie/version
[39.634s] -- Symlinking: /home/uav/cs2_ws/install/crazyflie/lib/crazyflie/console
[39.640s] -- Symlinking: /home/uav/cs2_ws/install/crazyflie/lib/crazyflie/log
[39.649s] -- Symlinking: /home/uav/cs2_ws/install/crazyflie/lib/crazyflie/setParam
[39.656s] -- Symlinking: /home/uav/cs2_ws/install/crazyflie/lib/crazyflie/downloadUSDLogfile
[39.664s] -- Symlinking: /home/uav/cs2_ws/install/crazyflie/lib/crazyflie/teleop
[39.672s] -- Symlinking: /home/uav/cs2_ws/install/crazyflie/lib/crazyflie/crazyflie_server
[39.680s] -- Symlinking: /home/uav/cs2_ws/install/crazyflie/lib/crazyflie/crazyflie_server.py
[39.687s] -- Symlinking: /home/uav/cs2_ws/install/crazyflie/lib/crazyflie/chooser.py
[39.695s] -- Symlinking: /home/uav/cs2_ws/install/crazyflie/lib/crazyflie/vel_mux.py
[39.701s] -- Symlinking: /home/uav/cs2_ws/install/crazyflie/lib/crazyflie/cfmult.py
[39.709s] -- Symlinking: /home/uav/cs2_ws/install/crazyflie/lib/crazyflie/simple_mapper_multiranger.py
[39.715s] -- Symlinking: /home/uav/cs2_ws/install/crazyflie/lib/crazyflie/aideck_streamer.py
[39.722s] -- Symlinking: /home/uav/cs2_ws/install/crazyflie/lib/crazyflie/gui.py
[39.730s] -- Symlinking: /home/uav/cs2_ws/install/crazyflie/lib/crazyflie/flash.py
[39.736s] -- Symlinking: /home/uav/cs2_ws/install/crazyflie/share/crazyflie//launch/launch.py
[39.745s] -- Symlinking: /home/uav/cs2_ws/install/crazyflie/share/crazyflie//launch/launch_teleop2.py
[39.754s] -- Symlinking: /home/uav/cs2_ws/install/crazyflie/share/crazyflie//launch/teleop_launch.py
[39.763s] -- Symlinking: /home/uav/cs2_ws/install/crazyflie/share/crazyflie//config/aideck_streamer.yaml
[39.771s] -- Symlinking: /home/uav/cs2_ws/install/crazyflie/share/crazyflie//config/config.rviz
[39.781s] -- Symlinking: /home/uav/cs2_ws/install/crazyflie/share/crazyflie//config/crazyflies.yaml
[39.788s] -- Symlinking: /home/uav/cs2_ws/install/crazyflie/share/crazyflie//config/motion_capture.yaml
[39.795s] -- Symlinking: /home/uav/cs2_ws/install/crazyflie/share/crazyflie//config/server.yaml
[39.803s] -- Symlinking: /home/uav/cs2_ws/install/crazyflie/share/crazyflie//config/teleop.yaml
[39.810s] -- Symlinking: /home/uav/cs2_ws/install/crazyflie/share/crazyflie//urdf/cf2_assembly.stl
[39.820s] -- Symlinking: /home/uav/cs2_ws/install/crazyflie/share/crazyflie//urdf/cf2_assembly_with_props.dae
[39.828s] -- Symlinking: /home/uav/cs2_ws/install/crazyflie/share/crazyflie//urdf/crazyflie_description.urdf
[39.835s] -- Symlinking: /home/uav/cs2_ws/install/crazyflie/share/ament_index/resource_index/package_run_dependencies/crazyflie
[39.844s] -- Symlinking: /home/uav/cs2_ws/install/crazyflie/share/ament_index/resource_index/parent_prefix_path/crazyflie
[39.852s] -- Symlinking: /home/uav/cs2_ws/install/crazyflie/share/crazyflie/environment/ament_prefix_path.sh
[39.860s] -- Symlinking: /home/uav/cs2_ws/install/crazyflie/share/crazyflie/environment/ament_prefix_path.dsv
[39.870s] -- Symlinking: /home/uav/cs2_ws/install/crazyflie/share/crazyflie/environment/path.sh
[39.878s] -- Symlinking: /home/uav/cs2_ws/install/crazyflie/share/crazyflie/environment/path.dsv
[39.884s] -- Symlinking: /home/uav/cs2_ws/install/crazyflie/share/crazyflie/local_setup.bash
[39.891s] -- Symlinking: /home/uav/cs2_ws/install/crazyflie/share/crazyflie/local_setup.sh
[39.899s] -- Symlinking: /home/uav/cs2_ws/install/crazyflie/share/crazyflie/local_setup.zsh
[39.904s] -- Symlinking: /home/uav/cs2_ws/install/crazyflie/share/crazyflie/local_setup.dsv
[39.911s] -- Symlinking: /home/uav/cs2_ws/install/crazyflie/share/crazyflie/package.dsv
[39.918s] -- Symlinking: /home/uav/cs2_ws/install/crazyflie/share/ament_index/resource_index/packages/crazyflie
[39.926s] -- Symlinking: /home/uav/cs2_ws/install/crazyflie/share/crazyflie/cmake/crazyflieConfig.cmake
[39.933s] -- Symlinking: /home/uav/cs2_ws/install/crazyflie/share/crazyflie/cmake/crazyflieConfig-version.cmake
[39.941s] -- Symlinking: /home/uav/cs2_ws/install/crazyflie/share/crazyflie/package.xml
[39.951s] Invoked command in '/home/uav/cs2_ws/build/crazyflie' returned '0': CMAKE_PREFIX_PATH=/home/uav/cs2_ws/install/crazyflie_interfaces:/home/uav/cs2_ws/install/ros_gz_crazyflie_bringup:/home/uav/cs2_ws/install/ros_gz_crazyflie_gazebo:/home/uav/cs2_ws/install/crazyflie_sim:/home/uav/cs2_ws/install/crazyflie_examples:/home/uav/cs2_ws/install/crazyflie:/home/uav/cs2_ws/install/crazyflie_description:/home/uav/cs2_ws/install/ros_gz_crazyflie_control:/home/uav/cs2_ws/install/p2p_controller:/home/uav/cs2_ws/install/crazyflie_py:/opt/ros/humble /usr/bin/cmake --install /home/uav/cs2_ws/build/crazyflie
