[0.188s] Invoking command in '/home/uav/cs2_ws/build/crazyflie_sim': CMAKE_PREFIX_PATH=/home/uav/cs2_ws/install/crazyflie_interfaces:/home/uav/cs2_ws/install/ros_gz_crazyflie_bringup:/home/uav/cs2_ws/install/ros_gz_crazyflie_gazebo:/home/uav/cs2_ws/install/crazyflie_sim:/home/uav/cs2_ws/install/crazyflie_examples:/home/uav/cs2_ws/install/crazyflie:/home/uav/cs2_ws/install/crazyflie_description:/home/uav/cs2_ws/install/ros_gz_crazyflie_control:/home/uav/cs2_ws/install/crazyflie_py:/opt/ros/humble /usr/bin/cmake --build /home/uav/cs2_ws/build/crazyflie_sim -- -j12 -l12
[0.236s] Built target ament_cmake_python_symlink_crazyflie_sim
[0.237s] Built target ament_cmake_python_symlink_crazyflie_sim_setup
[0.448s] running egg_info
[0.448s] writing crazyflie_sim.egg-info/PKG-INFO
[0.448s] writing dependency_links to crazyflie_sim.egg-info/dependency_links.txt
[0.449s] writing entry points to crazyflie_sim.egg-info/entry_points.txt
[0.449s] writing top-level names to crazyflie_sim.egg-info/top_level.txt
[0.450s] reading manifest file 'crazyflie_sim.egg-info/SOURCES.txt'
[0.451s] writing manifest file 'crazyflie_sim.egg-info/SOURCES.txt'
[0.476s] Built target ament_cmake_python_build_crazyflie_sim_egg
[0.481s] running install_scripts
[0.483s] /usr/lib/python3/dist-packages/setuptools/command/install.py:34: SetuptoolsDeprecationWarning: setup.py install is deprecated. Use build and pip and other standards-based tools.
[0.483s]   warnings.warn(
[0.500s] running egg_info
[0.502s] writing crazyflie_sim.egg-info/PKG-INFO
[0.502s] writing dependency_links to crazyflie_sim.egg-info/dependency_links.txt
[0.502s] writing entry points to crazyflie_sim.egg-info/entry_points.txt
[0.502s] writing top-level names to crazyflie_sim.egg-info/top_level.txt
[0.504s] reading manifest file 'crazyflie_sim.egg-info/SOURCES.txt'
[0.504s] writing manifest file 'crazyflie_sim.egg-info/SOURCES.txt'
[0.505s] Installing crazyflie_server script to scripts
[0.540s] Built target ament_cmake_python_build_crazyflie_sim_scripts
[0.551s] Invoked command in '/home/uav/cs2_ws/build/crazyflie_sim' returned '0': CMAKE_PREFIX_PATH=/home/uav/cs2_ws/install/crazyflie_interfaces:/home/uav/cs2_ws/install/ros_gz_crazyflie_bringup:/home/uav/cs2_ws/install/ros_gz_crazyflie_gazebo:/home/uav/cs2_ws/install/crazyflie_sim:/home/uav/cs2_ws/install/crazyflie_examples:/home/uav/cs2_ws/install/crazyflie:/home/uav/cs2_ws/install/crazyflie_description:/home/uav/cs2_ws/install/ros_gz_crazyflie_control:/home/uav/cs2_ws/install/crazyflie_py:/opt/ros/humble /usr/bin/cmake --build /home/uav/cs2_ws/build/crazyflie_sim -- -j12 -l12
[0.552s] Invoking command in '/home/uav/cs2_ws/build/crazyflie_sim': CMAKE_PREFIX_PATH=/home/uav/cs2_ws/install/crazyflie_interfaces:/home/uav/cs2_ws/install/ros_gz_crazyflie_bringup:/home/uav/cs2_ws/install/ros_gz_crazyflie_gazebo:/home/uav/cs2_ws/install/crazyflie_sim:/home/uav/cs2_ws/install/crazyflie_examples:/home/uav/cs2_ws/install/crazyflie:/home/uav/cs2_ws/install/crazyflie_description:/home/uav/cs2_ws/install/ros_gz_crazyflie_control:/home/uav/cs2_ws/install/crazyflie_py:/opt/ros/humble /usr/bin/cmake --install /home/uav/cs2_ws/build/crazyflie_sim
[0.559s] -- Install configuration: ""
[0.560s] -- Execute custom install script
[0.560s] -- Up-to-date symlink: /home/uav/cs2_ws/install/crazyflie_sim/share/crazyflie_sim/environment/pythonpath.sh
[0.560s] -- Up-to-date symlink: /home/uav/cs2_ws/install/crazyflie_sim/share/crazyflie_sim/environment/pythonpath.dsv
[0.560s] -- Up-to-date symlink: /home/uav/cs2_ws/install/crazyflie_sim/local/lib/python3.10/dist-packages/crazyflie_sim-1.0.3-py3.10.egg-info/PKG-INFO
[0.561s] -- Up-to-date symlink: /home/uav/cs2_ws/install/crazyflie_sim/local/lib/python3.10/dist-packages/crazyflie_sim-1.0.3-py3.10.egg-info/SOURCES.txt
[0.561s] -- Up-to-date symlink: /home/uav/cs2_ws/install/crazyflie_sim/local/lib/python3.10/dist-packages/crazyflie_sim-1.0.3-py3.10.egg-info/dependency_links.txt
[0.561s] -- Up-to-date symlink: /home/uav/cs2_ws/install/crazyflie_sim/local/lib/python3.10/dist-packages/crazyflie_sim-1.0.3-py3.10.egg-info/entry_points.txt
[0.561s] -- Up-to-date symlink: /home/uav/cs2_ws/install/crazyflie_sim/local/lib/python3.10/dist-packages/crazyflie_sim-1.0.3-py3.10.egg-info/top_level.txt
[0.561s] -- Up-to-date symlink: /home/uav/cs2_ws/install/crazyflie_sim/lib/crazyflie_sim//crazyflie_server
[0.562s] -- Up-to-date symlink: /home/uav/cs2_ws/install/crazyflie_sim/local/lib/python3.10/dist-packages/crazyflie_sim/__init__.py
[0.562s] -- Up-to-date symlink: /home/uav/cs2_ws/install/crazyflie_sim/local/lib/python3.10/dist-packages/crazyflie_sim/backend/data/dynobench/crazyflie2.yaml
[0.562s] -- Up-to-date symlink: /home/uav/cs2_ws/install/crazyflie_sim/local/lib/python3.10/dist-packages/crazyflie_sim/backend/data/neuralswarm2/phi_G.pth
[0.562s] -- Up-to-date symlink: /home/uav/cs2_ws/install/crazyflie_sim/local/lib/python3.10/dist-packages/crazyflie_sim/backend/data/neuralswarm2/phi_L.pth
[0.563s] -- Up-to-date symlink: /home/uav/cs2_ws/install/crazyflie_sim/local/lib/python3.10/dist-packages/crazyflie_sim/backend/data/neuralswarm2/phi_S.pth
[0.563s] -- Up-to-date symlink: /home/uav/cs2_ws/install/crazyflie_sim/local/lib/python3.10/dist-packages/crazyflie_sim/backend/data/neuralswarm2/rho_L.pth
[0.563s] -- Up-to-date symlink: /home/uav/cs2_ws/install/crazyflie_sim/local/lib/python3.10/dist-packages/crazyflie_sim/backend/data/neuralswarm2/rho_S.pth
[0.563s] -- Up-to-date symlink: /home/uav/cs2_ws/install/crazyflie_sim/local/lib/python3.10/dist-packages/crazyflie_sim/backend/data/pinocchio/crazyflie2.urdf
[0.563s] -- Up-to-date symlink: /home/uav/cs2_ws/install/crazyflie_sim/local/lib/python3.10/dist-packages/crazyflie_sim/backend/dynobench.py
[0.563s] -- Up-to-date symlink: /home/uav/cs2_ws/install/crazyflie_sim/local/lib/python3.10/dist-packages/crazyflie_sim/backend/neuralswarm.py
[0.563s] -- Up-to-date symlink: /home/uav/cs2_ws/install/crazyflie_sim/local/lib/python3.10/dist-packages/crazyflie_sim/backend/none.py
[0.563s] -- Up-to-date symlink: /home/uav/cs2_ws/install/crazyflie_sim/local/lib/python3.10/dist-packages/crazyflie_sim/backend/np.py
[0.563s] -- Up-to-date symlink: /home/uav/cs2_ws/install/crazyflie_sim/local/lib/python3.10/dist-packages/crazyflie_sim/backend/pinocchio.py
[0.563s] -- Up-to-date symlink: /home/uav/cs2_ws/install/crazyflie_sim/local/lib/python3.10/dist-packages/crazyflie_sim/crazyflie_server.py
[0.564s] -- Up-to-date symlink: /home/uav/cs2_ws/install/crazyflie_sim/local/lib/python3.10/dist-packages/crazyflie_sim/crazyflie_sil.py
[0.564s] -- Up-to-date symlink: /home/uav/cs2_ws/install/crazyflie_sim/local/lib/python3.10/dist-packages/crazyflie_sim/sim_data_types.py
[0.564s] -- Up-to-date symlink: /home/uav/cs2_ws/install/crazyflie_sim/local/lib/python3.10/dist-packages/crazyflie_sim/visualization/README.md
[0.564s] -- Up-to-date symlink: /home/uav/cs2_ws/install/crazyflie_sim/local/lib/python3.10/dist-packages/crazyflie_sim/visualization/blender.py
[0.564s] -- Up-to-date symlink: /home/uav/cs2_ws/install/crazyflie_sim/local/lib/python3.10/dist-packages/crazyflie_sim/visualization/data/README.md
[0.564s] -- Up-to-date symlink: /home/uav/cs2_ws/install/crazyflie_sim/local/lib/python3.10/dist-packages/crazyflie_sim/visualization/data/env/abandoned_greenhouse.jpg
[0.564s] -- Up-to-date symlink: /home/uav/cs2_ws/install/crazyflie_sim/local/lib/python3.10/dist-packages/crazyflie_sim/visualization/data/env/aerodynamics_workshop.jpg
[0.564s] -- Up-to-date symlink: /home/uav/cs2_ws/install/crazyflie_sim/local/lib/python3.10/dist-packages/crazyflie_sim/visualization/data/env/aviation_museum.jpg
[0.564s] -- Up-to-date symlink: /home/uav/cs2_ws/install/crazyflie_sim/local/lib/python3.10/dist-packages/crazyflie_sim/visualization/data/env/crosswalk.jpg
[0.565s] -- Up-to-date symlink: /home/uav/cs2_ws/install/crazyflie_sim/local/lib/python3.10/dist-packages/crazyflie_sim/visualization/data/env/derelict_overpass.jpg
[0.565s] -- Up-to-date symlink: /home/uav/cs2_ws/install/crazyflie_sim/local/lib/python3.10/dist-packages/crazyflie_sim/visualization/data/env/env.jpg
[0.565s] -- Up-to-date symlink: /home/uav/cs2_ws/install/crazyflie_sim/local/lib/python3.10/dist-packages/crazyflie_sim/visualization/data/env/lago_disola.jpg
[0.565s] -- Up-to-date symlink: /home/uav/cs2_ws/install/crazyflie_sim/local/lib/python3.10/dist-packages/crazyflie_sim/visualization/data/env/lake_pier.jpg
[0.565s] -- Up-to-date symlink: /home/uav/cs2_ws/install/crazyflie_sim/local/lib/python3.10/dist-packages/crazyflie_sim/visualization/data/env/machine_shop.jpg
[0.565s] -- Up-to-date symlink: /home/uav/cs2_ws/install/crazyflie_sim/local/lib/python3.10/dist-packages/crazyflie_sim/visualization/data/env/museumplein.jpg
[0.565s] -- Up-to-date symlink: /home/uav/cs2_ws/install/crazyflie_sim/local/lib/python3.10/dist-packages/crazyflie_sim/visualization/data/env/peppermint_powerplant.jpg
[0.565s] -- Up-to-date symlink: /home/uav/cs2_ws/install/crazyflie_sim/local/lib/python3.10/dist-packages/crazyflie_sim/visualization/data/env/studio_garden.jpg
[0.565s] -- Up-to-date symlink: /home/uav/cs2_ws/install/crazyflie_sim/local/lib/python3.10/dist-packages/crazyflie_sim/visualization/data/model/cf.mtl
[0.565s] -- Up-to-date symlink: /home/uav/cs2_ws/install/crazyflie_sim/local/lib/python3.10/dist-packages/crazyflie_sim/visualization/data/model/cf.obj
[0.566s] -- Up-to-date symlink: /home/uav/cs2_ws/install/crazyflie_sim/local/lib/python3.10/dist-packages/crazyflie_sim/visualization/pdf.py
[0.566s] -- Up-to-date symlink: /home/uav/cs2_ws/install/crazyflie_sim/local/lib/python3.10/dist-packages/crazyflie_sim/visualization/record_states.py
[0.566s] -- Up-to-date symlink: /home/uav/cs2_ws/install/crazyflie_sim/local/lib/python3.10/dist-packages/crazyflie_sim/visualization/rviz.py
[0.566s] -- Up-to-date symlink: /home/uav/cs2_ws/install/crazyflie_sim/share/ament_index/resource_index/package_run_dependencies/crazyflie_sim
[0.566s] -- Up-to-date symlink: /home/uav/cs2_ws/install/crazyflie_sim/share/ament_index/resource_index/parent_prefix_path/crazyflie_sim
[0.566s] -- Up-to-date symlink: /home/uav/cs2_ws/install/crazyflie_sim/share/crazyflie_sim/environment/ament_prefix_path.sh
[0.566s] -- Up-to-date symlink: /home/uav/cs2_ws/install/crazyflie_sim/share/crazyflie_sim/environment/ament_prefix_path.dsv
[0.566s] -- Up-to-date symlink: /home/uav/cs2_ws/install/crazyflie_sim/share/crazyflie_sim/environment/path.sh
[0.567s] -- Up-to-date symlink: /home/uav/cs2_ws/install/crazyflie_sim/share/crazyflie_sim/environment/path.dsv
[0.567s] -- Up-to-date symlink: /home/uav/cs2_ws/install/crazyflie_sim/share/crazyflie_sim/local_setup.bash
[0.567s] -- Up-to-date symlink: /home/uav/cs2_ws/install/crazyflie_sim/share/crazyflie_sim/local_setup.sh
[0.567s] -- Up-to-date symlink: /home/uav/cs2_ws/install/crazyflie_sim/share/crazyflie_sim/local_setup.zsh
[0.567s] -- Up-to-date symlink: /home/uav/cs2_ws/install/crazyflie_sim/share/crazyflie_sim/local_setup.dsv
[0.567s] -- Symlinking: /home/uav/cs2_ws/install/crazyflie_sim/share/crazyflie_sim/package.dsv
[0.574s] -- Up-to-date symlink: /home/uav/cs2_ws/install/crazyflie_sim/share/ament_index/resource_index/packages/crazyflie_sim
[0.574s] -- Up-to-date symlink: /home/uav/cs2_ws/install/crazyflie_sim/share/crazyflie_sim/cmake/crazyflie_simConfig.cmake
[0.574s] -- Up-to-date symlink: /home/uav/cs2_ws/install/crazyflie_sim/share/crazyflie_sim/cmake/crazyflie_simConfig-version.cmake
[0.574s] -- Up-to-date symlink: /home/uav/cs2_ws/install/crazyflie_sim/share/crazyflie_sim/package.xml
[0.613s] Listing '/home/uav/cs2_ws/install/crazyflie_sim/local/lib/python3.10/dist-packages/crazyflie_sim'...
[0.613s] Listing '/home/uav/cs2_ws/install/crazyflie_sim/local/lib/python3.10/dist-packages/crazyflie_sim/backend'...
[0.613s] Listing '/home/uav/cs2_ws/install/crazyflie_sim/local/lib/python3.10/dist-packages/crazyflie_sim/backend/data'...
[0.613s] Listing '/home/uav/cs2_ws/install/crazyflie_sim/local/lib/python3.10/dist-packages/crazyflie_sim/backend/data/dynobench'...
[0.613s] Listing '/home/uav/cs2_ws/install/crazyflie_sim/local/lib/python3.10/dist-packages/crazyflie_sim/backend/data/neuralswarm2'...
[0.613s] Listing '/home/uav/cs2_ws/install/crazyflie_sim/local/lib/python3.10/dist-packages/crazyflie_sim/backend/data/pinocchio'...
[0.613s] Listing '/home/uav/cs2_ws/install/crazyflie_sim/local/lib/python3.10/dist-packages/crazyflie_sim/visualization'...
[0.613s] Listing '/home/uav/cs2_ws/install/crazyflie_sim/local/lib/python3.10/dist-packages/crazyflie_sim/visualization/data'...
[0.613s] Listing '/home/uav/cs2_ws/install/crazyflie_sim/local/lib/python3.10/dist-packages/crazyflie_sim/visualization/data/env'...
[0.613s] Listing '/home/uav/cs2_ws/install/crazyflie_sim/local/lib/python3.10/dist-packages/crazyflie_sim/visualization/data/model'...
[0.621s] Invoked command in '/home/uav/cs2_ws/build/crazyflie_sim' returned '0': CMAKE_PREFIX_PATH=/home/uav/cs2_ws/install/crazyflie_interfaces:/home/uav/cs2_ws/install/ros_gz_crazyflie_bringup:/home/uav/cs2_ws/install/ros_gz_crazyflie_gazebo:/home/uav/cs2_ws/install/crazyflie_sim:/home/uav/cs2_ws/install/crazyflie_examples:/home/uav/cs2_ws/install/crazyflie:/home/uav/cs2_ws/install/crazyflie_description:/home/uav/cs2_ws/install/ros_gz_crazyflie_control:/home/uav/cs2_ws/install/crazyflie_py:/opt/ros/humble /usr/bin/cmake --install /home/uav/cs2_ws/build/crazyflie_sim
