[0.985s] Invoking command in '/home/uav/cs2_ws/build/ros_gz_crazyflie_control': PYTHONPATH=/home/uav/cs2_ws/build/ros_gz_crazyflie_control/prefix_override:/usr/lib/python3/dist-packages/colcon_core/task/python/colcon_distutils_commands:/home/uav/cs2_ws/install/ros_gz_crazyflie_control/lib/python3.10/site-packages:${PYTHONPATH} /usr/bin/python3 -W ignore:setup.py install is deprecated -W ignore:easy_install command is deprecated setup.py develop --editable --build-directory /home/uav/cs2_ws/build/ros_gz_crazyflie_control/build --no-deps symlink_data
[1.244s] running develop
[1.415s] running egg_info
[1.415s] creating ros_gz_crazyflie_control.egg-info
[1.415s] writing ros_gz_crazyflie_control.egg-info/PKG-INFO
[1.415s] writing dependency_links to ros_gz_crazyflie_control.egg-info/dependency_links.txt
[1.415s] writing entry points to ros_gz_crazyflie_control.egg-info/entry_points.txt
[1.415s] writing requirements to ros_gz_crazyflie_control.egg-info/requires.txt
[1.415s] writing top-level names to ros_gz_crazyflie_control.egg-info/top_level.txt
[1.416s] writing manifest file 'ros_gz_crazyflie_control.egg-info/SOURCES.txt'
[1.417s] reading manifest file 'ros_gz_crazyflie_control.egg-info/SOURCES.txt'
[1.417s] writing manifest file 'ros_gz_crazyflie_control.egg-info/SOURCES.txt'
[1.419s] running build_ext
[1.419s] Creating /home/uav/cs2_ws/install/ros_gz_crazyflie_control/lib/python3.10/site-packages/ros-gz-crazyflie-control.egg-link (link to .)
[1.419s] Installing control_services script to /home/uav/cs2_ws/install/ros_gz_crazyflie_control/lib/ros_gz_crazyflie_control
[1.420s] 
[1.420s] Installed /home/uav/cs2_ws/build/ros_gz_crazyflie_control
[1.420s] running symlink_data
[1.420s] creating /home/uav/cs2_ws/install/ros_gz_crazyflie_control/share/ament_index
[1.420s] creating /home/uav/cs2_ws/install/ros_gz_crazyflie_control/share/ament_index/resource_index
[1.420s] creating /home/uav/cs2_ws/install/ros_gz_crazyflie_control/share/ament_index/resource_index/packages
[1.420s] symbolically linking /home/uav/cs2_ws/build/ros_gz_crazyflie_control/resource/ros_gz_crazyflie_control -> /home/uav/cs2_ws/install/ros_gz_crazyflie_control/share/ament_index/resource_index/packages
[1.420s] symbolically linking /home/uav/cs2_ws/build/ros_gz_crazyflie_control/package.xml -> /home/uav/cs2_ws/install/ros_gz_crazyflie_control/share/ros_gz_crazyflie_control
[1.451s] Invoked command in '/home/uav/cs2_ws/build/ros_gz_crazyflie_control' returned '0': PYTHONPATH=/home/uav/cs2_ws/build/ros_gz_crazyflie_control/prefix_override:/usr/lib/python3/dist-packages/colcon_core/task/python/colcon_distutils_commands:/home/uav/cs2_ws/install/ros_gz_crazyflie_control/lib/python3.10/site-packages:${PYTHONPATH} /usr/bin/python3 -W ignore:setup.py install is deprecated -W ignore:easy_install command is deprecated setup.py develop --editable --build-directory /home/uav/cs2_ws/build/ros_gz_crazyflie_control/build --no-deps symlink_data
