[0.007s] Invoking command in '/home/uav/cs2_ws/build/ros_gz_crazyflie_bringup': CMAKE_PREFIX_PATH=/home/uav/cs2_ws/install/ros_gz_crazyflie_gazebo:/home/uav/cs2_ws/install/ros_gz_crazyflie_bringup:/home/uav/cs2_ws/install/crazyflie_sim:/home/uav/cs2_ws/install/crazyflie_examples:/home/uav/cs2_ws/install/crazyflie:/home/uav/cs2_ws/install/crazyflie_interfaces:/home/uav/cs2_ws/install/crazyflie_description:/home/uav/cs2_ws/install/ros_gz_crazyflie_control:/home/uav/cs2_ws/install/p2p_controller:/home/uav/cs2_ws/install/crazyflie_py:/opt/ros/humble /usr/bin/cmake /home/uav/cs2_ws/src/ros_gz_crazyflie/ros_gz_crazyflie_bringup -DAMENT_CMAKE_SYMLINK_INSTALL=1 -DCMAKE_INSTALL_PREFIX=/home/uav/cs2_ws/install/ros_gz_crazyflie_bringup
[0.062s] -- The C compiler identification is GNU 11.4.0
[0.113s] -- The CXX compiler identification is GNU 11.4.0
[0.120s] -- Detecting C compiler ABI info
[0.181s] -- Detecting C compiler ABI info - done
[0.186s] -- Check for working C compiler: /usr/bin/cc - skipped
[0.186s] -- Detecting C compile features
[0.187s] -- Detecting C compile features - done
[0.189s] -- Detecting CXX compiler ABI info
[0.257s] -- Detecting CXX compiler ABI info - done
[0.266s] -- Check for working CXX compiler: /usr/bin/c++ - skipped
[0.266s] -- Detecting CXX compile features
[0.267s] -- Detecting CXX compile features - done
[0.269s] -- Found ament_cmake: 1.3.11 (/opt/ros/humble/share/ament_cmake/cmake)
[0.412s] -- Found Python3: /usr/bin/python3 (found version "3.10.12") found components: Interpreter 
[0.471s] -- Override CMake install command with custom implementation using symlinks instead of copying resources
[0.490s] -- Found ros_gz_crazyflie_gazebo: 0.0.0 (/home/uav/cs2_ws/install/ros_gz_crazyflie_gazebo/share/ros_gz_crazyflie_gazebo/cmake)
[0.492s] -- Found ament_lint_auto: 0.12.11 (/opt/ros/humble/share/ament_lint_auto/cmake)
[0.561s] -- Configuring done
[0.564s] -- Generating done
[0.566s] -- Build files have been written to: /home/uav/cs2_ws/build/ros_gz_crazyflie_bringup
[0.570s] Invoked command in '/home/uav/cs2_ws/build/ros_gz_crazyflie_bringup' returned '0': CMAKE_PREFIX_PATH=/home/uav/cs2_ws/install/ros_gz_crazyflie_gazebo:/home/uav/cs2_ws/install/ros_gz_crazyflie_bringup:/home/uav/cs2_ws/install/crazyflie_sim:/home/uav/cs2_ws/install/crazyflie_examples:/home/uav/cs2_ws/install/crazyflie:/home/uav/cs2_ws/install/crazyflie_interfaces:/home/uav/cs2_ws/install/crazyflie_description:/home/uav/cs2_ws/install/ros_gz_crazyflie_control:/home/uav/cs2_ws/install/p2p_controller:/home/uav/cs2_ws/install/crazyflie_py:/opt/ros/humble /usr/bin/cmake /home/uav/cs2_ws/src/ros_gz_crazyflie/ros_gz_crazyflie_bringup -DAMENT_CMAKE_SYMLINK_INSTALL=1 -DCMAKE_INSTALL_PREFIX=/home/uav/cs2_ws/install/ros_gz_crazyflie_bringup
[0.571s] Invoking command in '/home/uav/cs2_ws/build/ros_gz_crazyflie_bringup': CMAKE_PREFIX_PATH=/home/uav/cs2_ws/install/ros_gz_crazyflie_gazebo:/home/uav/cs2_ws/install/ros_gz_crazyflie_bringup:/home/uav/cs2_ws/install/crazyflie_sim:/home/uav/cs2_ws/install/crazyflie_examples:/home/uav/cs2_ws/install/crazyflie:/home/uav/cs2_ws/install/crazyflie_interfaces:/home/uav/cs2_ws/install/crazyflie_description:/home/uav/cs2_ws/install/ros_gz_crazyflie_control:/home/uav/cs2_ws/install/p2p_controller:/home/uav/cs2_ws/install/crazyflie_py:/opt/ros/humble /usr/bin/cmake --build /home/uav/cs2_ws/build/ros_gz_crazyflie_bringup -- -j12 -l12
[0.609s] Invoked command in '/home/uav/cs2_ws/build/ros_gz_crazyflie_bringup' returned '0': CMAKE_PREFIX_PATH=/home/uav/cs2_ws/install/ros_gz_crazyflie_gazebo:/home/uav/cs2_ws/install/ros_gz_crazyflie_bringup:/home/uav/cs2_ws/install/crazyflie_sim:/home/uav/cs2_ws/install/crazyflie_examples:/home/uav/cs2_ws/install/crazyflie:/home/uav/cs2_ws/install/crazyflie_interfaces:/home/uav/cs2_ws/install/crazyflie_description:/home/uav/cs2_ws/install/ros_gz_crazyflie_control:/home/uav/cs2_ws/install/p2p_controller:/home/uav/cs2_ws/install/crazyflie_py:/opt/ros/humble /usr/bin/cmake --build /home/uav/cs2_ws/build/ros_gz_crazyflie_bringup -- -j12 -l12
[0.612s] Invoking command in '/home/uav/cs2_ws/build/ros_gz_crazyflie_bringup': CMAKE_PREFIX_PATH=/home/uav/cs2_ws/install/ros_gz_crazyflie_gazebo:/home/uav/cs2_ws/install/ros_gz_crazyflie_bringup:/home/uav/cs2_ws/install/crazyflie_sim:/home/uav/cs2_ws/install/crazyflie_examples:/home/uav/cs2_ws/install/crazyflie:/home/uav/cs2_ws/install/crazyflie_interfaces:/home/uav/cs2_ws/install/crazyflie_description:/home/uav/cs2_ws/install/ros_gz_crazyflie_control:/home/uav/cs2_ws/install/p2p_controller:/home/uav/cs2_ws/install/crazyflie_py:/opt/ros/humble /usr/bin/cmake --install /home/uav/cs2_ws/build/ros_gz_crazyflie_bringup
[0.617s] -- Install configuration: ""
[0.617s] -- Execute custom install script
[0.618s] -- Symlinking: /home/uav/cs2_ws/install/ros_gz_crazyflie_bringup/share/ros_gz_crazyflie_bringup/launch/crazyflie_real.launch.py
[0.628s] -- Symlinking: /home/uav/cs2_ws/install/ros_gz_crazyflie_bringup/share/ros_gz_crazyflie_bringup/launch/crazyflie_simulation.launch.py
[0.637s] -- Symlinking: /home/uav/cs2_ws/install/ros_gz_crazyflie_bringup/share/ros_gz_crazyflie_bringup/config/ros_gz_crazyflie_bridge.yaml
[0.647s] -- Symlinking: /home/uav/cs2_ws/install/ros_gz_crazyflie_bringup/share/ament_index/resource_index/package_run_dependencies/ros_gz_crazyflie_bringup
[0.654s] -- Symlinking: /home/uav/cs2_ws/install/ros_gz_crazyflie_bringup/share/ament_index/resource_index/parent_prefix_path/ros_gz_crazyflie_bringup
[0.664s] -- Symlinking: /home/uav/cs2_ws/install/ros_gz_crazyflie_bringup/share/ros_gz_crazyflie_bringup/environment/ament_prefix_path.sh
[0.671s] -- Symlinking: /home/uav/cs2_ws/install/ros_gz_crazyflie_bringup/share/ros_gz_crazyflie_bringup/environment/ament_prefix_path.dsv
[0.681s] -- Symlinking: /home/uav/cs2_ws/install/ros_gz_crazyflie_bringup/share/ros_gz_crazyflie_bringup/environment/path.sh
[0.688s] -- Symlinking: /home/uav/cs2_ws/install/ros_gz_crazyflie_bringup/share/ros_gz_crazyflie_bringup/environment/path.dsv
[0.696s] -- Symlinking: /home/uav/cs2_ws/install/ros_gz_crazyflie_bringup/share/ros_gz_crazyflie_bringup/local_setup.bash
[0.703s] -- Symlinking: /home/uav/cs2_ws/install/ros_gz_crazyflie_bringup/share/ros_gz_crazyflie_bringup/local_setup.sh
[0.712s] -- Symlinking: /home/uav/cs2_ws/install/ros_gz_crazyflie_bringup/share/ros_gz_crazyflie_bringup/local_setup.zsh
[0.718s] -- Symlinking: /home/uav/cs2_ws/install/ros_gz_crazyflie_bringup/share/ros_gz_crazyflie_bringup/local_setup.dsv
[0.723s] -- Symlinking: /home/uav/cs2_ws/install/ros_gz_crazyflie_bringup/share/ros_gz_crazyflie_bringup/package.dsv
[0.731s] -- Symlinking: /home/uav/cs2_ws/install/ros_gz_crazyflie_bringup/share/ament_index/resource_index/packages/ros_gz_crazyflie_bringup
[0.738s] -- Symlinking: /home/uav/cs2_ws/install/ros_gz_crazyflie_bringup/share/ros_gz_crazyflie_bringup/cmake/ros_gz_crazyflie_bringupConfig.cmake
[0.746s] -- Symlinking: /home/uav/cs2_ws/install/ros_gz_crazyflie_bringup/share/ros_gz_crazyflie_bringup/cmake/ros_gz_crazyflie_bringupConfig-version.cmake
[0.752s] -- Symlinking: /home/uav/cs2_ws/install/ros_gz_crazyflie_bringup/share/ros_gz_crazyflie_bringup/package.xml
[0.763s] Invoked command in '/home/uav/cs2_ws/build/ros_gz_crazyflie_bringup' returned '0': CMAKE_PREFIX_PATH=/home/uav/cs2_ws/install/ros_gz_crazyflie_gazebo:/home/uav/cs2_ws/install/ros_gz_crazyflie_bringup:/home/uav/cs2_ws/install/crazyflie_sim:/home/uav/cs2_ws/install/crazyflie_examples:/home/uav/cs2_ws/install/crazyflie:/home/uav/cs2_ws/install/crazyflie_interfaces:/home/uav/cs2_ws/install/crazyflie_description:/home/uav/cs2_ws/install/ros_gz_crazyflie_control:/home/uav/cs2_ws/install/p2p_controller:/home/uav/cs2_ws/install/crazyflie_py:/opt/ros/humble /usr/bin/cmake --install /home/uav/cs2_ws/build/ros_gz_crazyflie_bringup
