[0.025s] Invoking command in '/home/uav/cs2_ws/build/ros_gz_crazyflie_bringup': AMENT_PREFIX_PATH=/home/uav/cs2_ws/install/ros_gz_crazyflie_gazebo:${AMENT_PREFIX_PATH} CMAKE_PREFIX_PATH=/home/uav/cs2_ws/install/ros_gz_crazyflie_gazebo:/opt/ros/humble /usr/bin/cmake --build /home/uav/cs2_ws/build/ros_gz_crazyflie_bringup -- -j12 -l12
[0.227s] Invoked command in '/home/uav/cs2_ws/build/ros_gz_crazyflie_bringup' returned '0': AMENT_PREFIX_PATH=/home/uav/cs2_ws/install/ros_gz_crazyflie_gazebo:${AMENT_PREFIX_PATH} CMAKE_PREFIX_PATH=/home/uav/cs2_ws/install/ros_gz_crazyflie_gazebo:/opt/ros/humble /usr/bin/cmake --build /home/uav/cs2_ws/build/ros_gz_crazyflie_bringup -- -j12 -l12
[0.228s] Invoking command in '/home/uav/cs2_ws/build/ros_gz_crazyflie_bringup': AMENT_PREFIX_PATH=/home/uav/cs2_ws/install/ros_gz_crazyflie_gazebo:${AMENT_PREFIX_PATH} CMAKE_PREFIX_PATH=/home/uav/cs2_ws/install/ros_gz_crazyflie_gazebo:/opt/ros/humble /usr/bin/cmake --install /home/uav/cs2_ws/build/ros_gz_crazyflie_bringup
[0.232s] -- Install configuration: ""
[0.232s] -- Execute custom install script
[0.232s] -- Up-to-date symlink: /home/uav/cs2_ws/install/ros_gz_crazyflie_bringup/share/ros_gz_crazyflie_bringup/launch/crazyflie_real.launch.py
[0.232s] -- Up-to-date symlink: /home/uav/cs2_ws/install/ros_gz_crazyflie_bringup/share/ros_gz_crazyflie_bringup/launch/crazyflie_simulation.launch.py
[0.233s] -- Up-to-date symlink: /home/uav/cs2_ws/install/ros_gz_crazyflie_bringup/share/ros_gz_crazyflie_bringup/config/ros_gz_crazyflie_bridge.yaml
[0.233s] -- Up-to-date symlink: /home/uav/cs2_ws/install/ros_gz_crazyflie_bringup/share/ament_index/resource_index/package_run_dependencies/ros_gz_crazyflie_bringup
[0.233s] -- Up-to-date symlink: /home/uav/cs2_ws/install/ros_gz_crazyflie_bringup/share/ament_index/resource_index/parent_prefix_path/ros_gz_crazyflie_bringup
[0.233s] -- Up-to-date symlink: /home/uav/cs2_ws/install/ros_gz_crazyflie_bringup/share/ros_gz_crazyflie_bringup/environment/ament_prefix_path.sh
[0.233s] -- Up-to-date symlink: /home/uav/cs2_ws/install/ros_gz_crazyflie_bringup/share/ros_gz_crazyflie_bringup/environment/ament_prefix_path.dsv
[0.233s] -- Up-to-date symlink: /home/uav/cs2_ws/install/ros_gz_crazyflie_bringup/share/ros_gz_crazyflie_bringup/environment/path.sh
[0.233s] -- Up-to-date symlink: /home/uav/cs2_ws/install/ros_gz_crazyflie_bringup/share/ros_gz_crazyflie_bringup/environment/path.dsv
[0.233s] -- Up-to-date symlink: /home/uav/cs2_ws/install/ros_gz_crazyflie_bringup/share/ros_gz_crazyflie_bringup/local_setup.bash
[0.233s] -- Up-to-date symlink: /home/uav/cs2_ws/install/ros_gz_crazyflie_bringup/share/ros_gz_crazyflie_bringup/local_setup.sh
[0.234s] -- Up-to-date symlink: /home/uav/cs2_ws/install/ros_gz_crazyflie_bringup/share/ros_gz_crazyflie_bringup/local_setup.zsh
[0.234s] -- Up-to-date symlink: /home/uav/cs2_ws/install/ros_gz_crazyflie_bringup/share/ros_gz_crazyflie_bringup/local_setup.dsv
[0.234s] -- Symlinking: /home/uav/cs2_ws/install/ros_gz_crazyflie_bringup/share/ros_gz_crazyflie_bringup/package.dsv
[0.241s] -- Up-to-date symlink: /home/uav/cs2_ws/install/ros_gz_crazyflie_bringup/share/ament_index/resource_index/packages/ros_gz_crazyflie_bringup
[0.241s] -- Up-to-date symlink: /home/uav/cs2_ws/install/ros_gz_crazyflie_bringup/share/ros_gz_crazyflie_bringup/cmake/ros_gz_crazyflie_bringupConfig.cmake
[0.241s] -- Up-to-date symlink: /home/uav/cs2_ws/install/ros_gz_crazyflie_bringup/share/ros_gz_crazyflie_bringup/cmake/ros_gz_crazyflie_bringupConfig-version.cmake
[0.242s] -- Up-to-date symlink: /home/uav/cs2_ws/install/ros_gz_crazyflie_bringup/share/ros_gz_crazyflie_bringup/package.xml
[0.243s] Invoked command in '/home/uav/cs2_ws/build/ros_gz_crazyflie_bringup' returned '0': AMENT_PREFIX_PATH=/home/uav/cs2_ws/install/ros_gz_crazyflie_gazebo:${AMENT_PREFIX_PATH} CMAKE_PREFIX_PATH=/home/uav/cs2_ws/install/ros_gz_crazyflie_gazebo:/opt/ros/humble /usr/bin/cmake --install /home/uav/cs2_ws/build/ros_gz_crazyflie_bringup
