[0.009s] Invoking command in '/home/uav/cs2_ws/build/crazyflie_examples': AMENT_PREFIX_PATH=/home/uav/cs2_ws/install/crazyflie_py:/home/uav/cs2_ws/install/ros_gz_crazyflie_bringup:/home/uav/cs2_ws/install/ros_gz_crazyflie_gazebo:/home/uav/cs2_ws/install/ros_gz_crazyflie_control:/home/uav/cs2_ws/install/crazyflie_sim:/home/uav/cs2_ws/install/crazyflie_examples:/home/uav/cs2_ws/install/crazyflie:/home/uav/cs2_ws/install/crazyflie_interfaces:/home/uav/cs2_ws/install/crazyflie_description:/opt/ros/humble CMAKE_PREFIX_PATH=/home/uav/cs2_ws/install/crazyflie_interfaces:/home/uav/cs2_ws/install/ros_gz_crazyflie_bringup:/home/uav/cs2_ws/install/ros_gz_crazyflie_gazebo:/home/uav/cs2_ws/install/crazyflie_sim:/home/uav/cs2_ws/install/crazyflie_examples:/home/uav/cs2_ws/install/crazyflie:/home/uav/cs2_ws/install/crazyflie_description:/home/uav/cs2_ws/install/ros_gz_crazyflie_control:/home/uav/cs2_ws/install/crazyflie_py:/opt/ros/humble PYTHONPATH=/home/uav/cs2_ws/build/crazyflie_py:/home/uav/cs2_ws/install/crazyflie_py/lib/python3.10/site-packages:/home/uav/cs2_ws/build/ros_gz_crazyflie_control:/home/uav/cs2_ws/install/ros_gz_crazyflie_control/lib/python3.10/site-packages:/home/uav/cs2_ws/build/p2p_controller:/home/uav/cs2_ws/install/p2p_controller/lib/python3.10/site-packages:/home/uav/cs2_ws/install/crazyflie_sim/local/lib/python3.10/dist-packages:/home/uav/cs2_ws/install/crazyflie_examples/local/lib/python3.10/dist-packages:/home/uav/cs2_ws/install/crazyflie_interfaces/local/lib/python3.10/dist-packages:/opt/ros/humble/lib/python3.10/site-packages:/opt/ros/humble/local/lib/python3.10/dist-packages /usr/bin/cmake --build /home/uav/cs2_ws/build/crazyflie_examples -- -j12 -l12
[0.058s] Built target ament_cmake_python_symlink_crazyflie_examples_setup
[0.060s] Built target ament_cmake_python_symlink_crazyflie_examples
[0.267s] running egg_info
[0.267s] writing crazyflie_examples.egg-info/PKG-INFO
[0.268s] writing dependency_links to crazyflie_examples.egg-info/dependency_links.txt
[0.268s] writing entry points to crazyflie_examples.egg-info/entry_points.txt
[0.268s] writing top-level names to crazyflie_examples.egg-info/top_level.txt
[0.272s] reading manifest file 'crazyflie_examples.egg-info/SOURCES.txt'
[0.273s] writing manifest file 'crazyflie_examples.egg-info/SOURCES.txt'
[0.303s] Built target ament_cmake_python_build_crazyflie_examples_egg
[0.332s] running install_scripts
[0.335s] /usr/lib/python3/dist-packages/setuptools/command/install.py:34: SetuptoolsDeprecationWarning: setup.py install is deprecated. Use build and pip and other standards-based tools.
[0.335s]   warnings.warn(
[0.362s] running egg_info
[0.364s] writing crazyflie_examples.egg-info/PKG-INFO
[0.364s] writing dependency_links to crazyflie_examples.egg-info/dependency_links.txt
[0.364s] writing entry points to crazyflie_examples.egg-info/entry_points.txt
[0.364s] writing top-level names to crazyflie_examples.egg-info/top_level.txt
[0.366s] reading manifest file 'crazyflie_examples.egg-info/SOURCES.txt'
[0.367s] writing manifest file 'crazyflie_examples.egg-info/SOURCES.txt'
[0.368s] Installing arming script to scripts
[0.368s] Installing cmd_full_state script to scripts
[0.368s] Installing figure8 script to scripts
[0.368s] Installing group_mask script to scripts
[0.368s] Installing hello_world script to scripts
[0.368s] Installing infinite_flight script to scripts
[0.368s] Installing multi_trajectory script to scripts
[0.368s] Installing nice_hover script to scripts
[0.368s] Installing set_param script to scripts
[0.368s] Installing swap script to scripts
[0.403s] Built target ament_cmake_python_build_crazyflie_examples_scripts
[0.413s] Invoked command in '/home/uav/cs2_ws/build/crazyflie_examples' returned '0': AMENT_PREFIX_PATH=/home/uav/cs2_ws/install/crazyflie_py:/home/uav/cs2_ws/install/ros_gz_crazyflie_bringup:/home/uav/cs2_ws/install/ros_gz_crazyflie_gazebo:/home/uav/cs2_ws/install/ros_gz_crazyflie_control:/home/uav/cs2_ws/install/crazyflie_sim:/home/uav/cs2_ws/install/crazyflie_examples:/home/uav/cs2_ws/install/crazyflie:/home/uav/cs2_ws/install/crazyflie_interfaces:/home/uav/cs2_ws/install/crazyflie_description:/opt/ros/humble CMAKE_PREFIX_PATH=/home/uav/cs2_ws/install/crazyflie_interfaces:/home/uav/cs2_ws/install/ros_gz_crazyflie_bringup:/home/uav/cs2_ws/install/ros_gz_crazyflie_gazebo:/home/uav/cs2_ws/install/crazyflie_sim:/home/uav/cs2_ws/install/crazyflie_examples:/home/uav/cs2_ws/install/crazyflie:/home/uav/cs2_ws/install/crazyflie_description:/home/uav/cs2_ws/install/ros_gz_crazyflie_control:/home/uav/cs2_ws/install/crazyflie_py:/opt/ros/humble PYTHONPATH=/home/uav/cs2_ws/build/crazyflie_py:/home/uav/cs2_ws/install/crazyflie_py/lib/python3.10/site-packages:/home/uav/cs2_ws/build/ros_gz_crazyflie_control:/home/uav/cs2_ws/install/ros_gz_crazyflie_control/lib/python3.10/site-packages:/home/uav/cs2_ws/build/p2p_controller:/home/uav/cs2_ws/install/p2p_controller/lib/python3.10/site-packages:/home/uav/cs2_ws/install/crazyflie_sim/local/lib/python3.10/dist-packages:/home/uav/cs2_ws/install/crazyflie_examples/local/lib/python3.10/dist-packages:/home/uav/cs2_ws/install/crazyflie_interfaces/local/lib/python3.10/dist-packages:/opt/ros/humble/lib/python3.10/site-packages:/opt/ros/humble/local/lib/python3.10/dist-packages /usr/bin/cmake --build /home/uav/cs2_ws/build/crazyflie_examples -- -j12 -l12
[0.414s] Invoking command in '/home/uav/cs2_ws/build/crazyflie_examples': AMENT_PREFIX_PATH=/home/uav/cs2_ws/install/crazyflie_py:/home/uav/cs2_ws/install/ros_gz_crazyflie_bringup:/home/uav/cs2_ws/install/ros_gz_crazyflie_gazebo:/home/uav/cs2_ws/install/ros_gz_crazyflie_control:/home/uav/cs2_ws/install/crazyflie_sim:/home/uav/cs2_ws/install/crazyflie_examples:/home/uav/cs2_ws/install/crazyflie:/home/uav/cs2_ws/install/crazyflie_interfaces:/home/uav/cs2_ws/install/crazyflie_description:/opt/ros/humble CMAKE_PREFIX_PATH=/home/uav/cs2_ws/install/crazyflie_interfaces:/home/uav/cs2_ws/install/ros_gz_crazyflie_bringup:/home/uav/cs2_ws/install/ros_gz_crazyflie_gazebo:/home/uav/cs2_ws/install/crazyflie_sim:/home/uav/cs2_ws/install/crazyflie_examples:/home/uav/cs2_ws/install/crazyflie:/home/uav/cs2_ws/install/crazyflie_description:/home/uav/cs2_ws/install/ros_gz_crazyflie_control:/home/uav/cs2_ws/install/crazyflie_py:/opt/ros/humble PYTHONPATH=/home/uav/cs2_ws/build/crazyflie_py:/home/uav/cs2_ws/install/crazyflie_py/lib/python3.10/site-packages:/home/uav/cs2_ws/build/ros_gz_crazyflie_control:/home/uav/cs2_ws/install/ros_gz_crazyflie_control/lib/python3.10/site-packages:/home/uav/cs2_ws/build/p2p_controller:/home/uav/cs2_ws/install/p2p_controller/lib/python3.10/site-packages:/home/uav/cs2_ws/install/crazyflie_sim/local/lib/python3.10/dist-packages:/home/uav/cs2_ws/install/crazyflie_examples/local/lib/python3.10/dist-packages:/home/uav/cs2_ws/install/crazyflie_interfaces/local/lib/python3.10/dist-packages:/opt/ros/humble/lib/python3.10/site-packages:/opt/ros/humble/local/lib/python3.10/dist-packages /usr/bin/cmake --install /home/uav/cs2_ws/build/crazyflie_examples
[0.421s] -- Install configuration: ""
[0.421s] -- Execute custom install script
[0.421s] -- Up-to-date symlink: /home/uav/cs2_ws/install/crazyflie_examples/share/crazyflie_examples/environment/pythonpath.sh
[0.422s] -- Up-to-date symlink: /home/uav/cs2_ws/install/crazyflie_examples/share/crazyflie_examples/environment/pythonpath.dsv
[0.422s] -- Up-to-date symlink: /home/uav/cs2_ws/install/crazyflie_examples/local/lib/python3.10/dist-packages/crazyflie_examples-1.0.3-py3.10.egg-info/PKG-INFO
[0.422s] -- Up-to-date symlink: /home/uav/cs2_ws/install/crazyflie_examples/local/lib/python3.10/dist-packages/crazyflie_examples-1.0.3-py3.10.egg-info/SOURCES.txt
[0.422s] -- Up-to-date symlink: /home/uav/cs2_ws/install/crazyflie_examples/local/lib/python3.10/dist-packages/crazyflie_examples-1.0.3-py3.10.egg-info/dependency_links.txt
[0.422s] -- Up-to-date symlink: /home/uav/cs2_ws/install/crazyflie_examples/local/lib/python3.10/dist-packages/crazyflie_examples-1.0.3-py3.10.egg-info/entry_points.txt
[0.422s] -- Up-to-date symlink: /home/uav/cs2_ws/install/crazyflie_examples/local/lib/python3.10/dist-packages/crazyflie_examples-1.0.3-py3.10.egg-info/top_level.txt
[0.422s] -- Up-to-date symlink: /home/uav/cs2_ws/install/crazyflie_examples/lib/crazyflie_examples//arming
[0.422s] -- Up-to-date symlink: /home/uav/cs2_ws/install/crazyflie_examples/lib/crazyflie_examples//cmd_full_state
[0.422s] -- Up-to-date symlink: /home/uav/cs2_ws/install/crazyflie_examples/lib/crazyflie_examples//figure8
[0.423s] -- Up-to-date symlink: /home/uav/cs2_ws/install/crazyflie_examples/lib/crazyflie_examples//group_mask
[0.423s] -- Up-to-date symlink: /home/uav/cs2_ws/install/crazyflie_examples/lib/crazyflie_examples//hello_world
[0.423s] -- Up-to-date symlink: /home/uav/cs2_ws/install/crazyflie_examples/lib/crazyflie_examples//infinite_flight
[0.423s] -- Up-to-date symlink: /home/uav/cs2_ws/install/crazyflie_examples/lib/crazyflie_examples//multi_trajectory
[0.423s] -- Up-to-date symlink: /home/uav/cs2_ws/install/crazyflie_examples/lib/crazyflie_examples//nice_hover
[0.423s] -- Up-to-date symlink: /home/uav/cs2_ws/install/crazyflie_examples/lib/crazyflie_examples//set_param
[0.423s] -- Up-to-date symlink: /home/uav/cs2_ws/install/crazyflie_examples/lib/crazyflie_examples//swap
[0.423s] -- Up-to-date symlink: /home/uav/cs2_ws/install/crazyflie_examples/local/lib/python3.10/dist-packages/crazyflie_examples/__init__.py
[0.423s] -- Up-to-date symlink: /home/uav/cs2_ws/install/crazyflie_examples/local/lib/python3.10/dist-packages/crazyflie_examples/arming.py
[0.423s] -- Up-to-date symlink: /home/uav/cs2_ws/install/crazyflie_examples/local/lib/python3.10/dist-packages/crazyflie_examples/cmd_full_state.py
[0.423s] -- Up-to-date symlink: /home/uav/cs2_ws/install/crazyflie_examples/local/lib/python3.10/dist-packages/crazyflie_examples/data/figure8.csv
[0.423s] -- Up-to-date symlink: /home/uav/cs2_ws/install/crazyflie_examples/local/lib/python3.10/dist-packages/crazyflie_examples/data/multi_trajectory/traj0.csv
[0.424s] -- Up-to-date symlink: /home/uav/cs2_ws/install/crazyflie_examples/local/lib/python3.10/dist-packages/crazyflie_examples/data/multi_trajectory/traj1.csv
[0.424s] -- Up-to-date symlink: /home/uav/cs2_ws/install/crazyflie_examples/local/lib/python3.10/dist-packages/crazyflie_examples/figure8.py
[0.424s] -- Up-to-date symlink: /home/uav/cs2_ws/install/crazyflie_examples/local/lib/python3.10/dist-packages/crazyflie_examples/group_mask.py
[0.424s] -- Up-to-date symlink: /home/uav/cs2_ws/install/crazyflie_examples/local/lib/python3.10/dist-packages/crazyflie_examples/hello_world.py
[0.424s] -- Up-to-date symlink: /home/uav/cs2_ws/install/crazyflie_examples/local/lib/python3.10/dist-packages/crazyflie_examples/infinite_flight.py
[0.424s] -- Up-to-date symlink: /home/uav/cs2_ws/install/crazyflie_examples/local/lib/python3.10/dist-packages/crazyflie_examples/multi_trajectory.py
[0.424s] -- Up-to-date symlink: /home/uav/cs2_ws/install/crazyflie_examples/local/lib/python3.10/dist-packages/crazyflie_examples/nice_hover.py
[0.424s] -- Up-to-date symlink: /home/uav/cs2_ws/install/crazyflie_examples/local/lib/python3.10/dist-packages/crazyflie_examples/set_param.py
[0.424s] -- Up-to-date symlink: /home/uav/cs2_ws/install/crazyflie_examples/local/lib/python3.10/dist-packages/crazyflie_examples/swap.py
[0.424s] -- Up-to-date symlink: /home/uav/cs2_ws/install/crazyflie_examples/share/crazyflie_examples//config/nav2_params.yaml
[0.424s] -- Up-to-date symlink: /home/uav/cs2_ws/install/crazyflie_examples/share/crazyflie_examples//config/nav2_view.rviz
[0.424s] -- Up-to-date symlink: /home/uav/cs2_ws/install/crazyflie_examples/share/crazyflie_examples//config/slam_params.yaml
[0.424s] -- Up-to-date symlink: /home/uav/cs2_ws/install/crazyflie_examples/share/crazyflie_examples//data/map.data
[0.425s] -- Up-to-date symlink: /home/uav/cs2_ws/install/crazyflie_examples/share/crazyflie_examples//data/map.pgm
[0.425s] -- Up-to-date symlink: /home/uav/cs2_ws/install/crazyflie_examples/share/crazyflie_examples//data/map.posegraph
[0.425s] -- Up-to-date symlink: /home/uav/cs2_ws/install/crazyflie_examples/share/crazyflie_examples//data/map.yaml
[0.425s] -- Up-to-date symlink: /home/uav/cs2_ws/install/crazyflie_examples/share/crazyflie_examples//launch/keyboard_velmux_launch.py
[0.425s] -- Up-to-date symlink: /home/uav/cs2_ws/install/crazyflie_examples/share/crazyflie_examples//launch/launch.py
[0.425s] -- Up-to-date symlink: /home/uav/cs2_ws/install/crazyflie_examples/share/crazyflie_examples//launch/multiranger_mapping_launch.py
[0.425s] -- Up-to-date symlink: /home/uav/cs2_ws/install/crazyflie_examples/share/crazyflie_examples//launch/multiranger_nav2_launch.py
[0.425s] -- Up-to-date symlink: /home/uav/cs2_ws/install/crazyflie_examples/share/crazyflie_examples//launch/multiranger_simple_mapper_launch.py
[0.425s] -- Up-to-date symlink: /home/uav/cs2_ws/install/crazyflie_examples/share/ament_index/resource_index/package_run_dependencies/crazyflie_examples
[0.425s] -- Up-to-date symlink: /home/uav/cs2_ws/install/crazyflie_examples/share/ament_index/resource_index/parent_prefix_path/crazyflie_examples
[0.425s] -- Up-to-date symlink: /home/uav/cs2_ws/install/crazyflie_examples/share/crazyflie_examples/environment/ament_prefix_path.sh
[0.425s] -- Up-to-date symlink: /home/uav/cs2_ws/install/crazyflie_examples/share/crazyflie_examples/environment/ament_prefix_path.dsv
[0.426s] -- Up-to-date symlink: /home/uav/cs2_ws/install/crazyflie_examples/share/crazyflie_examples/environment/path.sh
[0.426s] -- Up-to-date symlink: /home/uav/cs2_ws/install/crazyflie_examples/share/crazyflie_examples/environment/path.dsv
[0.426s] -- Up-to-date symlink: /home/uav/cs2_ws/install/crazyflie_examples/share/crazyflie_examples/local_setup.bash
[0.426s] -- Up-to-date symlink: /home/uav/cs2_ws/install/crazyflie_examples/share/crazyflie_examples/local_setup.sh
[0.426s] -- Up-to-date symlink: /home/uav/cs2_ws/install/crazyflie_examples/share/crazyflie_examples/local_setup.zsh
[0.426s] -- Up-to-date symlink: /home/uav/cs2_ws/install/crazyflie_examples/share/crazyflie_examples/local_setup.dsv
[0.426s] -- Symlinking: /home/uav/cs2_ws/install/crazyflie_examples/share/crazyflie_examples/package.dsv
[0.431s] -- Up-to-date symlink: /home/uav/cs2_ws/install/crazyflie_examples/share/ament_index/resource_index/packages/crazyflie_examples
[0.431s] -- Up-to-date symlink: /home/uav/cs2_ws/install/crazyflie_examples/share/crazyflie_examples/cmake/crazyflie_examplesConfig.cmake
[0.431s] -- Up-to-date symlink: /home/uav/cs2_ws/install/crazyflie_examples/share/crazyflie_examples/cmake/crazyflie_examplesConfig-version.cmake
[0.431s] -- Up-to-date symlink: /home/uav/cs2_ws/install/crazyflie_examples/share/crazyflie_examples/package.xml
[0.458s] Listing '/home/uav/cs2_ws/install/crazyflie_examples/local/lib/python3.10/dist-packages/crazyflie_examples'...
[0.458s] Listing '/home/uav/cs2_ws/install/crazyflie_examples/local/lib/python3.10/dist-packages/crazyflie_examples/data'...
[0.458s] Listing '/home/uav/cs2_ws/install/crazyflie_examples/local/lib/python3.10/dist-packages/crazyflie_examples/data/multi_trajectory'...
[0.464s] Invoked command in '/home/uav/cs2_ws/build/crazyflie_examples' returned '0': AMENT_PREFIX_PATH=/home/uav/cs2_ws/install/crazyflie_py:/home/uav/cs2_ws/install/ros_gz_crazyflie_bringup:/home/uav/cs2_ws/install/ros_gz_crazyflie_gazebo:/home/uav/cs2_ws/install/ros_gz_crazyflie_control:/home/uav/cs2_ws/install/crazyflie_sim:/home/uav/cs2_ws/install/crazyflie_examples:/home/uav/cs2_ws/install/crazyflie:/home/uav/cs2_ws/install/crazyflie_interfaces:/home/uav/cs2_ws/install/crazyflie_description:/opt/ros/humble CMAKE_PREFIX_PATH=/home/uav/cs2_ws/install/crazyflie_interfaces:/home/uav/cs2_ws/install/ros_gz_crazyflie_bringup:/home/uav/cs2_ws/install/ros_gz_crazyflie_gazebo:/home/uav/cs2_ws/install/crazyflie_sim:/home/uav/cs2_ws/install/crazyflie_examples:/home/uav/cs2_ws/install/crazyflie:/home/uav/cs2_ws/install/crazyflie_description:/home/uav/cs2_ws/install/ros_gz_crazyflie_control:/home/uav/cs2_ws/install/crazyflie_py:/opt/ros/humble PYTHONPATH=/home/uav/cs2_ws/build/crazyflie_py:/home/uav/cs2_ws/install/crazyflie_py/lib/python3.10/site-packages:/home/uav/cs2_ws/build/ros_gz_crazyflie_control:/home/uav/cs2_ws/install/ros_gz_crazyflie_control/lib/python3.10/site-packages:/home/uav/cs2_ws/build/p2p_controller:/home/uav/cs2_ws/install/p2p_controller/lib/python3.10/site-packages:/home/uav/cs2_ws/install/crazyflie_sim/local/lib/python3.10/dist-packages:/home/uav/cs2_ws/install/crazyflie_examples/local/lib/python3.10/dist-packages:/home/uav/cs2_ws/install/crazyflie_interfaces/local/lib/python3.10/dist-packages:/opt/ros/humble/lib/python3.10/site-packages:/opt/ros/humble/local/lib/python3.10/dist-packages /usr/bin/cmake --install /home/uav/cs2_ws/build/crazyflie_examples
