[0.253s] Invoking command in '/home/uav/cs2_ws/build/crazyflie_sim': CMAKE_PREFIX_PATH=/home/uav/cs2_ws/install/crazyflie_interfaces:/home/uav/cs2_ws/install/ros_gz_crazyflie_bringup:/home/uav/cs2_ws/install/ros_gz_crazyflie_gazebo:/home/uav/cs2_ws/install/crazyflie_sim:/home/uav/cs2_ws/install/crazyflie_examples:/home/uav/cs2_ws/install/crazyflie:/home/uav/cs2_ws/install/crazyflie_description:/home/uav/cs2_ws/install/ros_gz_crazyflie_control:/home/uav/cs2_ws/install/p2p_controller:/home/uav/cs2_ws/install/crazyflie_py:/opt/ros/humble /usr/bin/cmake --build /home/uav/cs2_ws/build/crazyflie_sim -- -j12 -l12
[0.301s] Built target ament_cmake_python_symlink_crazyflie_sim_setup
[0.301s] Built target ament_cmake_python_symlink_crazyflie_sim
[0.545s] running egg_info
[0.545s] writing crazyflie_sim.egg-info/PKG-INFO
[0.545s] writing dependency_links to crazyflie_sim.egg-info/dependency_links.txt
[0.545s] writing entry points to crazyflie_sim.egg-info/entry_points.txt
[0.546s] writing top-level names to crazyflie_sim.egg-info/top_level.txt
[0.547s] reading manifest file 'crazyflie_sim.egg-info/SOURCES.txt'
[0.548s] writing manifest file 'crazyflie_sim.egg-info/SOURCES.txt'
[0.575s] Built target ament_cmake_python_build_crazyflie_sim_egg
[0.624s] running install_scripts
[0.626s] /usr/lib/python3/dist-packages/setuptools/command/install.py:34: SetuptoolsDeprecationWarning: setup.py install is deprecated. Use build and pip and other standards-based tools.
[0.626s]   warnings.warn(
[0.651s] running egg_info
[0.654s] writing crazyflie_sim.egg-info/PKG-INFO
[0.654s] writing dependency_links to crazyflie_sim.egg-info/dependency_links.txt
[0.654s] writing entry points to crazyflie_sim.egg-info/entry_points.txt
[0.654s] writing top-level names to crazyflie_sim.egg-info/top_level.txt
[0.656s] reading manifest file 'crazyflie_sim.egg-info/SOURCES.txt'
[0.657s] writing manifest file 'crazyflie_sim.egg-info/SOURCES.txt'
[0.658s] Installing crazyflie_server script to scripts
[0.693s] Built target ament_cmake_python_build_crazyflie_sim_scripts
[0.704s] Invoked command in '/home/uav/cs2_ws/build/crazyflie_sim' returned '0': CMAKE_PREFIX_PATH=/home/uav/cs2_ws/install/crazyflie_interfaces:/home/uav/cs2_ws/install/ros_gz_crazyflie_bringup:/home/uav/cs2_ws/install/ros_gz_crazyflie_gazebo:/home/uav/cs2_ws/install/crazyflie_sim:/home/uav/cs2_ws/install/crazyflie_examples:/home/uav/cs2_ws/install/crazyflie:/home/uav/cs2_ws/install/crazyflie_description:/home/uav/cs2_ws/install/ros_gz_crazyflie_control:/home/uav/cs2_ws/install/p2p_controller:/home/uav/cs2_ws/install/crazyflie_py:/opt/ros/humble /usr/bin/cmake --build /home/uav/cs2_ws/build/crazyflie_sim -- -j12 -l12
[0.705s] Invoking command in '/home/uav/cs2_ws/build/crazyflie_sim': CMAKE_PREFIX_PATH=/home/uav/cs2_ws/install/crazyflie_interfaces:/home/uav/cs2_ws/install/ros_gz_crazyflie_bringup:/home/uav/cs2_ws/install/ros_gz_crazyflie_gazebo:/home/uav/cs2_ws/install/crazyflie_sim:/home/uav/cs2_ws/install/crazyflie_examples:/home/uav/cs2_ws/install/crazyflie:/home/uav/cs2_ws/install/crazyflie_description:/home/uav/cs2_ws/install/ros_gz_crazyflie_control:/home/uav/cs2_ws/install/p2p_controller:/home/uav/cs2_ws/install/crazyflie_py:/opt/ros/humble /usr/bin/cmake --install /home/uav/cs2_ws/build/crazyflie_sim
[0.712s] -- Install configuration: ""
[0.712s] -- Execute custom install script
[0.713s] -- Up-to-date symlink: /home/uav/cs2_ws/install/crazyflie_sim/share/crazyflie_sim/environment/pythonpath.sh
[0.713s] -- Up-to-date symlink: /home/uav/cs2_ws/install/crazyflie_sim/share/crazyflie_sim/environment/pythonpath.dsv
[0.713s] -- Up-to-date symlink: /home/uav/cs2_ws/install/crazyflie_sim/local/lib/python3.10/dist-packages/crazyflie_sim-1.0.3-py3.10.egg-info/PKG-INFO
[0.713s] -- Up-to-date symlink: /home/uav/cs2_ws/install/crazyflie_sim/local/lib/python3.10/dist-packages/crazyflie_sim-1.0.3-py3.10.egg-info/SOURCES.txt
[0.713s] -- Up-to-date symlink: /home/uav/cs2_ws/install/crazyflie_sim/local/lib/python3.10/dist-packages/crazyflie_sim-1.0.3-py3.10.egg-info/dependency_links.txt
[0.713s] -- Up-to-date symlink: /home/uav/cs2_ws/install/crazyflie_sim/local/lib/python3.10/dist-packages/crazyflie_sim-1.0.3-py3.10.egg-info/entry_points.txt
[0.714s] -- Up-to-date symlink: /home/uav/cs2_ws/install/crazyflie_sim/local/lib/python3.10/dist-packages/crazyflie_sim-1.0.3-py3.10.egg-info/top_level.txt
[0.714s] -- Up-to-date symlink: /home/uav/cs2_ws/install/crazyflie_sim/lib/crazyflie_sim//crazyflie_server
[0.716s] -- Up-to-date symlink: /home/uav/cs2_ws/install/crazyflie_sim/local/lib/python3.10/dist-packages/crazyflie_sim/__init__.py
[0.716s] -- Up-to-date symlink: /home/uav/cs2_ws/install/crazyflie_sim/local/lib/python3.10/dist-packages/crazyflie_sim/backend/data/dynobench/crazyflie2.yaml
[0.716s] -- Up-to-date symlink: /home/uav/cs2_ws/install/crazyflie_sim/local/lib/python3.10/dist-packages/crazyflie_sim/backend/data/neuralswarm2/phi_G.pth
[0.716s] -- Up-to-date symlink: /home/uav/cs2_ws/install/crazyflie_sim/local/lib/python3.10/dist-packages/crazyflie_sim/backend/data/neuralswarm2/phi_L.pth
[0.716s] -- Up-to-date symlink: /home/uav/cs2_ws/install/crazyflie_sim/local/lib/python3.10/dist-packages/crazyflie_sim/backend/data/neuralswarm2/phi_S.pth
[0.716s] -- Up-to-date symlink: /home/uav/cs2_ws/install/crazyflie_sim/local/lib/python3.10/dist-packages/crazyflie_sim/backend/data/neuralswarm2/rho_L.pth
[0.716s] -- Up-to-date symlink: /home/uav/cs2_ws/install/crazyflie_sim/local/lib/python3.10/dist-packages/crazyflie_sim/backend/data/neuralswarm2/rho_S.pth
[0.716s] -- Up-to-date symlink: /home/uav/cs2_ws/install/crazyflie_sim/local/lib/python3.10/dist-packages/crazyflie_sim/backend/data/pinocchio/crazyflie2.urdf
[0.716s] -- Up-to-date symlink: /home/uav/cs2_ws/install/crazyflie_sim/local/lib/python3.10/dist-packages/crazyflie_sim/backend/dynobench.py
[0.717s] -- Up-to-date symlink: /home/uav/cs2_ws/install/crazyflie_sim/local/lib/python3.10/dist-packages/crazyflie_sim/backend/neuralswarm.py
[0.717s] -- Up-to-date symlink: /home/uav/cs2_ws/install/crazyflie_sim/local/lib/python3.10/dist-packages/crazyflie_sim/backend/none.py
[0.717s] -- Up-to-date symlink: /home/uav/cs2_ws/install/crazyflie_sim/local/lib/python3.10/dist-packages/crazyflie_sim/backend/np.py
[0.717s] -- Up-to-date symlink: /home/uav/cs2_ws/install/crazyflie_sim/local/lib/python3.10/dist-packages/crazyflie_sim/backend/pinocchio.py
[0.717s] -- Up-to-date symlink: /home/uav/cs2_ws/install/crazyflie_sim/local/lib/python3.10/dist-packages/crazyflie_sim/crazyflie_server.py
[0.717s] -- Up-to-date symlink: /home/uav/cs2_ws/install/crazyflie_sim/local/lib/python3.10/dist-packages/crazyflie_sim/crazyflie_sil.py
[0.717s] -- Up-to-date symlink: /home/uav/cs2_ws/install/crazyflie_sim/local/lib/python3.10/dist-packages/crazyflie_sim/sim_data_types.py
[0.717s] -- Up-to-date symlink: /home/uav/cs2_ws/install/crazyflie_sim/local/lib/python3.10/dist-packages/crazyflie_sim/visualization/README.md
[0.717s] -- Up-to-date symlink: /home/uav/cs2_ws/install/crazyflie_sim/local/lib/python3.10/dist-packages/crazyflie_sim/visualization/blender.py
[0.717s] -- Up-to-date symlink: /home/uav/cs2_ws/install/crazyflie_sim/local/lib/python3.10/dist-packages/crazyflie_sim/visualization/data/README.md
[0.718s] -- Up-to-date symlink: /home/uav/cs2_ws/install/crazyflie_sim/local/lib/python3.10/dist-packages/crazyflie_sim/visualization/data/env/abandoned_greenhouse.jpg
[0.718s] -- Up-to-date symlink: /home/uav/cs2_ws/install/crazyflie_sim/local/lib/python3.10/dist-packages/crazyflie_sim/visualization/data/env/aerodynamics_workshop.jpg
[0.718s] -- Up-to-date symlink: /home/uav/cs2_ws/install/crazyflie_sim/local/lib/python3.10/dist-packages/crazyflie_sim/visualization/data/env/aviation_museum.jpg
[0.718s] -- Up-to-date symlink: /home/uav/cs2_ws/install/crazyflie_sim/local/lib/python3.10/dist-packages/crazyflie_sim/visualization/data/env/crosswalk.jpg
[0.718s] -- Up-to-date symlink: /home/uav/cs2_ws/install/crazyflie_sim/local/lib/python3.10/dist-packages/crazyflie_sim/visualization/data/env/derelict_overpass.jpg
[0.718s] -- Up-to-date symlink: /home/uav/cs2_ws/install/crazyflie_sim/local/lib/python3.10/dist-packages/crazyflie_sim/visualization/data/env/env.jpg
[0.718s] -- Up-to-date symlink: /home/uav/cs2_ws/install/crazyflie_sim/local/lib/python3.10/dist-packages/crazyflie_sim/visualization/data/env/lago_disola.jpg
[0.718s] -- Up-to-date symlink: /home/uav/cs2_ws/install/crazyflie_sim/local/lib/python3.10/dist-packages/crazyflie_sim/visualization/data/env/lake_pier.jpg
[0.718s] -- Up-to-date symlink: /home/uav/cs2_ws/install/crazyflie_sim/local/lib/python3.10/dist-packages/crazyflie_sim/visualization/data/env/machine_shop.jpg
[0.718s] -- Up-to-date symlink: /home/uav/cs2_ws/install/crazyflie_sim/local/lib/python3.10/dist-packages/crazyflie_sim/visualization/data/env/museumplein.jpg
[0.718s] -- Up-to-date symlink: /home/uav/cs2_ws/install/crazyflie_sim/local/lib/python3.10/dist-packages/crazyflie_sim/visualization/data/env/peppermint_powerplant.jpg
[0.719s] -- Up-to-date symlink: /home/uav/cs2_ws/install/crazyflie_sim/local/lib/python3.10/dist-packages/crazyflie_sim/visualization/data/env/studio_garden.jpg
[0.719s] -- Up-to-date symlink: /home/uav/cs2_ws/install/crazyflie_sim/local/lib/python3.10/dist-packages/crazyflie_sim/visualization/data/model/cf.mtl
[0.719s] -- Up-to-date symlink: /home/uav/cs2_ws/install/crazyflie_sim/local/lib/python3.10/dist-packages/crazyflie_sim/visualization/data/model/cf.obj
[0.719s] -- Up-to-date symlink: /home/uav/cs2_ws/install/crazyflie_sim/local/lib/python3.10/dist-packages/crazyflie_sim/visualization/pdf.py
[0.719s] -- Up-to-date symlink: /home/uav/cs2_ws/install/crazyflie_sim/local/lib/python3.10/dist-packages/crazyflie_sim/visualization/record_states.py
[0.719s] -- Up-to-date symlink: /home/uav/cs2_ws/install/crazyflie_sim/local/lib/python3.10/dist-packages/crazyflie_sim/visualization/rviz.py
[0.719s] -- Up-to-date symlink: /home/uav/cs2_ws/install/crazyflie_sim/share/ament_index/resource_index/package_run_dependencies/crazyflie_sim
[0.719s] -- Up-to-date symlink: /home/uav/cs2_ws/install/crazyflie_sim/share/ament_index/resource_index/parent_prefix_path/crazyflie_sim
[0.720s] -- Up-to-date symlink: /home/uav/cs2_ws/install/crazyflie_sim/share/crazyflie_sim/environment/ament_prefix_path.sh
[0.720s] -- Up-to-date symlink: /home/uav/cs2_ws/install/crazyflie_sim/share/crazyflie_sim/environment/ament_prefix_path.dsv
[0.720s] -- Up-to-date symlink: /home/uav/cs2_ws/install/crazyflie_sim/share/crazyflie_sim/environment/path.sh
[0.720s] -- Up-to-date symlink: /home/uav/cs2_ws/install/crazyflie_sim/share/crazyflie_sim/environment/path.dsv
[0.720s] -- Up-to-date symlink: /home/uav/cs2_ws/install/crazyflie_sim/share/crazyflie_sim/local_setup.bash
[0.720s] -- Up-to-date symlink: /home/uav/cs2_ws/install/crazyflie_sim/share/crazyflie_sim/local_setup.sh
[0.720s] -- Up-to-date symlink: /home/uav/cs2_ws/install/crazyflie_sim/share/crazyflie_sim/local_setup.zsh
[0.721s] -- Up-to-date symlink: /home/uav/cs2_ws/install/crazyflie_sim/share/crazyflie_sim/local_setup.dsv
[0.721s] -- Symlinking: /home/uav/cs2_ws/install/crazyflie_sim/share/crazyflie_sim/package.dsv
[0.729s] -- Up-to-date symlink: /home/uav/cs2_ws/install/crazyflie_sim/share/ament_index/resource_index/packages/crazyflie_sim
[0.729s] -- Up-to-date symlink: /home/uav/cs2_ws/install/crazyflie_sim/share/crazyflie_sim/cmake/crazyflie_simConfig.cmake
[0.729s] -- Up-to-date symlink: /home/uav/cs2_ws/install/crazyflie_sim/share/crazyflie_sim/cmake/crazyflie_simConfig-version.cmake
[0.729s] -- Up-to-date symlink: /home/uav/cs2_ws/install/crazyflie_sim/share/crazyflie_sim/package.xml
[0.759s] Listing '/home/uav/cs2_ws/install/crazyflie_sim/local/lib/python3.10/dist-packages/crazyflie_sim'...
[0.759s] Listing '/home/uav/cs2_ws/install/crazyflie_sim/local/lib/python3.10/dist-packages/crazyflie_sim/backend'...
[0.759s] Listing '/home/uav/cs2_ws/install/crazyflie_sim/local/lib/python3.10/dist-packages/crazyflie_sim/backend/data'...
[0.759s] Listing '/home/uav/cs2_ws/install/crazyflie_sim/local/lib/python3.10/dist-packages/crazyflie_sim/backend/data/dynobench'...
[0.759s] Listing '/home/uav/cs2_ws/install/crazyflie_sim/local/lib/python3.10/dist-packages/crazyflie_sim/backend/data/neuralswarm2'...
[0.759s] Listing '/home/uav/cs2_ws/install/crazyflie_sim/local/lib/python3.10/dist-packages/crazyflie_sim/backend/data/pinocchio'...
[0.759s] Listing '/home/uav/cs2_ws/install/crazyflie_sim/local/lib/python3.10/dist-packages/crazyflie_sim/visualization'...
[0.759s] Listing '/home/uav/cs2_ws/install/crazyflie_sim/local/lib/python3.10/dist-packages/crazyflie_sim/visualization/data'...
[0.759s] Listing '/home/uav/cs2_ws/install/crazyflie_sim/local/lib/python3.10/dist-packages/crazyflie_sim/visualization/data/env'...
[0.759s] Listing '/home/uav/cs2_ws/install/crazyflie_sim/local/lib/python3.10/dist-packages/crazyflie_sim/visualization/data/model'...
[0.765s] Invoked command in '/home/uav/cs2_ws/build/crazyflie_sim' returned '0': CMAKE_PREFIX_PATH=/home/uav/cs2_ws/install/crazyflie_interfaces:/home/uav/cs2_ws/install/ros_gz_crazyflie_bringup:/home/uav/cs2_ws/install/ros_gz_crazyflie_gazebo:/home/uav/cs2_ws/install/crazyflie_sim:/home/uav/cs2_ws/install/crazyflie_examples:/home/uav/cs2_ws/install/crazyflie:/home/uav/cs2_ws/install/crazyflie_description:/home/uav/cs2_ws/install/ros_gz_crazyflie_control:/home/uav/cs2_ws/install/p2p_controller:/home/uav/cs2_ws/install/crazyflie_py:/opt/ros/humble /usr/bin/cmake --install /home/uav/cs2_ws/build/crazyflie_sim
