-- The C compiler identification is GNU 11.4.0
-- The CXX compiler identification is GNU 11.4.0
-- Detecting C compiler ABI info
-- Detecting C compiler ABI info - done
-- Check for working C compiler: /usr/bin/cc - skipped
-- Detecting C compile features
-- Detecting C compile features - done
-- Detecting CXX compiler ABI info
-- Detecting CXX compiler ABI info - done
-- Check for working CXX compiler: /usr/bin/c++ - skipped
-- Detecting CXX compile features
-- Detecting CXX compile features - done
-- Found ament_cmake: 1.3.11 (/opt/ros/humble/share/ament_cmake/cmake)
-- Found Python3: /usr/bin/python3 (found version "3.10.12") found components: Interpreter 
-- Override CMake install command with custom implementation using symlinks instead of copying resources
-- Found ament_lint_auto: 0.12.11 (/opt/ros/humble/share/ament_lint_auto/cmake)
-- Added test 'flake8' to check Python code syntax and style conventions
-- Added test 'lint_cmake' to check CMake code style
-- Added test 'pep257' to check Python code against some of the docstring style conventions in PEP 257
-- Added test 'xmllint' to check XML markup files
-- Configuring done
-- Generating done
-- Build files have been written to: /home/uav/cs2_ws/build/crazyflie_description
-- Install configuration: ""
-- Execute custom install script
-- Symlinking: /home/uav/cs2_ws/install/crazyflie_description/share/crazyflie_description//launch/spawn_crazyflie_gz.launch.py
-- Symlinking: /home/uav/cs2_ws/install/crazyflie_description/share/crazyflie_description//launch/view_crazyflie_launch.py
-- Symlinking: /home/uav/cs2_ws/install/crazyflie_description/share/crazyflie_description//urdf/crazyflie_body.xacro
-- Symlinking: /home/uav/cs2_ws/install/crazyflie_description/share/crazyflie_description//meshes/collada_files/ccw_prop.dae
-- Symlinking: /home/uav/cs2_ws/install/crazyflie_description/share/crazyflie_description//meshes/collada_files/cf2_assembly.dae
-- Symlinking: /home/uav/cs2_ws/install/crazyflie_description/share/crazyflie_description//meshes/collada_files/cf2_assembly_with_props.dae
-- Symlinking: /home/uav/cs2_ws/install/crazyflie_description/share/crazyflie_description//meshes/collada_files/cw_prop.dae
-- Symlinking: /home/uav/cs2_ws/install/crazyflie_description/share/crazyflie_description//rviz/crazyflie_body.rviz
-- Symlinking: /home/uav/cs2_ws/install/crazyflie_description/share/crazyflie_description//config/ros_gz_crazyflie_bridge.yaml
-- Symlinking: /home/uav/cs2_ws/install/crazyflie_description/share/ament_index/resource_index/package_run_dependencies/crazyflie_description
-- Symlinking: /home/uav/cs2_ws/install/crazyflie_description/share/ament_index/resource_index/parent_prefix_path/crazyflie_description
-- Symlinking: /home/uav/cs2_ws/install/crazyflie_description/share/crazyflie_description/environment/ament_prefix_path.sh
-- Symlinking: /home/uav/cs2_ws/install/crazyflie_description/share/crazyflie_description/environment/ament_prefix_path.dsv
-- Symlinking: /home/uav/cs2_ws/install/crazyflie_description/share/crazyflie_description/environment/path.sh
-- Symlinking: /home/uav/cs2_ws/install/crazyflie_description/share/crazyflie_description/environment/path.dsv
-- Symlinking: /home/uav/cs2_ws/install/crazyflie_description/share/crazyflie_description/local_setup.bash
-- Symlinking: /home/uav/cs2_ws/install/crazyflie_description/share/crazyflie_description/local_setup.sh
-- Symlinking: /home/uav/cs2_ws/install/crazyflie_description/share/crazyflie_description/local_setup.zsh
-- Symlinking: /home/uav/cs2_ws/install/crazyflie_description/share/crazyflie_description/local_setup.dsv
-- Symlinking: /home/uav/cs2_ws/install/crazyflie_description/share/crazyflie_description/package.dsv
-- Symlinking: /home/uav/cs2_ws/install/crazyflie_description/share/ament_index/resource_index/packages/crazyflie_description
-- Symlinking: /home/uav/cs2_ws/install/crazyflie_description/share/crazyflie_description/cmake/crazyflie_descriptionConfig.cmake
-- Symlinking: /home/uav/cs2_ws/install/crazyflie_description/share/crazyflie_description/cmake/crazyflie_descriptionConfig-version.cmake
-- Symlinking: /home/uav/cs2_ws/install/crazyflie_description/share/crazyflie_description/package.xml
