[0.017s] Invoking command in '/home/uav/cs2_ws/build/crazyflie_description': CMAKE_PREFIX_PATH=${CMAKE_PREFIX_PATH}:/home/uav/cs2_ws/install/ros_gz_crazyflie_control:/home/uav/cs2_ws/install/p2p_controller:/home/uav/cs2_ws/install/crazyflie_py:/opt/ros/humble /usr/bin/cmake /home/uav/cs2_ws/src/crazyflie-simulation/crazyflie_ws/src/crazyflie_description -DAMENT_CMAKE_SYMLINK_INSTALL=1 -DCMAKE_INSTALL_PREFIX=/home/uav/cs2_ws/install/crazyflie_description
[0.321s] -- The C compiler identification is GNU 11.4.0
[0.321s] -- The CXX compiler identification is GNU 11.4.0
[0.321s] -- Detecting C compiler ABI info
[0.321s] -- Detecting C compiler ABI info - done
[0.321s] -- Check for working C compiler: /usr/bin/cc - skipped
[0.321s] -- Detecting C compile features
[0.321s] -- Detecting C compile features - done
[0.321s] -- Detecting CXX compiler ABI info
[0.321s] -- Detecting CXX compiler ABI info - done
[0.322s] -- Check for working CXX compiler: /usr/bin/c++ - skipped
[0.322s] -- Detecting CXX compile features
[0.322s] -- Detecting CXX compile features - done
[0.322s] -- Found ament_cmake: 1.3.11 (/opt/ros/humble/share/ament_cmake/cmake)
[0.454s] -- Found Python3: /usr/bin/python3 (found version "3.10.12") found components: Interpreter 
[0.527s] -- Override CMake install command with custom implementation using symlinks instead of copying resources
[0.552s] -- Found ament_lint_auto: 0.12.11 (/opt/ros/humble/share/ament_lint_auto/cmake)
[0.644s] -- Added test 'flake8' to check Python code syntax and style conventions
[0.645s] -- Added test 'lint_cmake' to check CMake code style
[0.645s] -- Added test 'pep257' to check Python code against some of the docstring style conventions in PEP 257
[0.646s] -- Added test 'xmllint' to check XML markup files
[0.648s] -- Configuring done
[0.650s] -- Generating done
[0.651s] -- Build files have been written to: /home/uav/cs2_ws/build/crazyflie_description
[0.654s] Invoked command in '/home/uav/cs2_ws/build/crazyflie_description' returned '0': CMAKE_PREFIX_PATH=${CMAKE_PREFIX_PATH}:/home/uav/cs2_ws/install/ros_gz_crazyflie_control:/home/uav/cs2_ws/install/p2p_controller:/home/uav/cs2_ws/install/crazyflie_py:/opt/ros/humble /usr/bin/cmake /home/uav/cs2_ws/src/crazyflie-simulation/crazyflie_ws/src/crazyflie_description -DAMENT_CMAKE_SYMLINK_INSTALL=1 -DCMAKE_INSTALL_PREFIX=/home/uav/cs2_ws/install/crazyflie_description
[0.656s] Invoking command in '/home/uav/cs2_ws/build/crazyflie_description': CMAKE_PREFIX_PATH=${CMAKE_PREFIX_PATH}:/home/uav/cs2_ws/install/ros_gz_crazyflie_control:/home/uav/cs2_ws/install/p2p_controller:/home/uav/cs2_ws/install/crazyflie_py:/opt/ros/humble /usr/bin/cmake --build /home/uav/cs2_ws/build/crazyflie_description -- -j12 -l12
[0.688s] Invoked command in '/home/uav/cs2_ws/build/crazyflie_description' returned '0': CMAKE_PREFIX_PATH=${CMAKE_PREFIX_PATH}:/home/uav/cs2_ws/install/ros_gz_crazyflie_control:/home/uav/cs2_ws/install/p2p_controller:/home/uav/cs2_ws/install/crazyflie_py:/opt/ros/humble /usr/bin/cmake --build /home/uav/cs2_ws/build/crazyflie_description -- -j12 -l12
[0.690s] Invoking command in '/home/uav/cs2_ws/build/crazyflie_description': CMAKE_PREFIX_PATH=${CMAKE_PREFIX_PATH}:/home/uav/cs2_ws/install/ros_gz_crazyflie_control:/home/uav/cs2_ws/install/p2p_controller:/home/uav/cs2_ws/install/crazyflie_py:/opt/ros/humble /usr/bin/cmake --install /home/uav/cs2_ws/build/crazyflie_description
[0.697s] -- Install configuration: ""
[0.698s] -- Execute custom install script
[0.699s] -- Symlinking: /home/uav/cs2_ws/install/crazyflie_description/share/crazyflie_description//launch/spawn_crazyflie_gz.launch.py
[0.707s] -- Symlinking: /home/uav/cs2_ws/install/crazyflie_description/share/crazyflie_description//launch/view_crazyflie_launch.py
[0.717s] -- Symlinking: /home/uav/cs2_ws/install/crazyflie_description/share/crazyflie_description//urdf/crazyflie_body.xacro
[0.724s] -- Symlinking: /home/uav/cs2_ws/install/crazyflie_description/share/crazyflie_description//meshes/collada_files/ccw_prop.dae
[0.734s] -- Symlinking: /home/uav/cs2_ws/install/crazyflie_description/share/crazyflie_description//meshes/collada_files/cf2_assembly.dae
[0.741s] -- Symlinking: /home/uav/cs2_ws/install/crazyflie_description/share/crazyflie_description//meshes/collada_files/cf2_assembly_with_props.dae
[0.749s] -- Symlinking: /home/uav/cs2_ws/install/crazyflie_description/share/crazyflie_description//meshes/collada_files/cw_prop.dae
[0.756s] -- Symlinking: /home/uav/cs2_ws/install/crazyflie_description/share/crazyflie_description//rviz/crazyflie_body.rviz
[0.764s] -- Symlinking: /home/uav/cs2_ws/install/crazyflie_description/share/crazyflie_description//config/ros_gz_crazyflie_bridge.yaml
[0.772s] -- Symlinking: /home/uav/cs2_ws/install/crazyflie_description/share/ament_index/resource_index/package_run_dependencies/crazyflie_description
[0.779s] -- Symlinking: /home/uav/cs2_ws/install/crazyflie_description/share/ament_index/resource_index/parent_prefix_path/crazyflie_description
[0.787s] -- Symlinking: /home/uav/cs2_ws/install/crazyflie_description/share/crazyflie_description/environment/ament_prefix_path.sh
[0.795s] -- Symlinking: /home/uav/cs2_ws/install/crazyflie_description/share/crazyflie_description/environment/ament_prefix_path.dsv
[0.802s] -- Symlinking: /home/uav/cs2_ws/install/crazyflie_description/share/crazyflie_description/environment/path.sh
[0.808s] -- Symlinking: /home/uav/cs2_ws/install/crazyflie_description/share/crazyflie_description/environment/path.dsv
[0.817s] -- Symlinking: /home/uav/cs2_ws/install/crazyflie_description/share/crazyflie_description/local_setup.bash
[0.826s] -- Symlinking: /home/uav/cs2_ws/install/crazyflie_description/share/crazyflie_description/local_setup.sh
[0.835s] -- Symlinking: /home/uav/cs2_ws/install/crazyflie_description/share/crazyflie_description/local_setup.zsh
[0.842s] -- Symlinking: /home/uav/cs2_ws/install/crazyflie_description/share/crazyflie_description/local_setup.dsv
[0.850s] -- Symlinking: /home/uav/cs2_ws/install/crazyflie_description/share/crazyflie_description/package.dsv
[0.859s] -- Symlinking: /home/uav/cs2_ws/install/crazyflie_description/share/ament_index/resource_index/packages/crazyflie_description
[0.869s] -- Symlinking: /home/uav/cs2_ws/install/crazyflie_description/share/crazyflie_description/cmake/crazyflie_descriptionConfig.cmake
[0.877s] -- Symlinking: /home/uav/cs2_ws/install/crazyflie_description/share/crazyflie_description/cmake/crazyflie_descriptionConfig-version.cmake
[0.888s] -- Symlinking: /home/uav/cs2_ws/install/crazyflie_description/share/crazyflie_description/package.xml
[0.901s] Invoked command in '/home/uav/cs2_ws/build/crazyflie_description' returned '0': CMAKE_PREFIX_PATH=${CMAKE_PREFIX_PATH}:/home/uav/cs2_ws/install/ros_gz_crazyflie_control:/home/uav/cs2_ws/install/p2p_controller:/home/uav/cs2_ws/install/crazyflie_py:/opt/ros/humble /usr/bin/cmake --install /home/uav/cs2_ws/build/crazyflie_description
