[0.015s] Invoking command in '/home/uav/cs2_ws/build/crazyflie_description': CMAKE_PREFIX_PATH=${CMAKE_PREFIX_PATH}:/home/uav/cs2_ws/install/ros_gz_crazyflie_control:/home/uav/cs2_ws/install/crazyflie_py:/opt/ros/humble /usr/bin/cmake --build /home/uav/cs2_ws/build/crazyflie_description -- -j12 -l12
[0.413s] Invoked command in '/home/uav/cs2_ws/build/crazyflie_description' returned '0': CMAKE_PREFIX_PATH=${CMAKE_PREFIX_PATH}:/home/uav/cs2_ws/install/ros_gz_crazyflie_control:/home/uav/cs2_ws/install/crazyflie_py:/opt/ros/humble /usr/bin/cmake --build /home/uav/cs2_ws/build/crazyflie_description -- -j12 -l12
[0.421s] Invoking command in '/home/uav/cs2_ws/build/crazyflie_description': CMAKE_PREFIX_PATH=${CMAKE_PREFIX_PATH}:/home/uav/cs2_ws/install/ros_gz_crazyflie_control:/home/uav/cs2_ws/install/crazyflie_py:/opt/ros/humble /usr/bin/cmake --install /home/uav/cs2_ws/build/crazyflie_description
[0.427s] -- Install configuration: ""
[0.427s] -- Execute custom install script
[0.428s] -- Up-to-date symlink: /home/uav/cs2_ws/install/crazyflie_description/share/crazyflie_description//launch/spawn_crazyflie_gz.launch.py
[0.428s] -- Up-to-date symlink: /home/uav/cs2_ws/install/crazyflie_description/share/crazyflie_description//launch/view_crazyflie_launch.py
[0.428s] -- Up-to-date symlink: /home/uav/cs2_ws/install/crazyflie_description/share/crazyflie_description//urdf/crazyflie_body.xacro
[0.428s] -- Up-to-date symlink: /home/uav/cs2_ws/install/crazyflie_description/share/crazyflie_description//meshes/collada_files/ccw_prop.dae
[0.428s] -- Up-to-date symlink: /home/uav/cs2_ws/install/crazyflie_description/share/crazyflie_description//meshes/collada_files/cf2_assembly.dae
[0.428s] -- Up-to-date symlink: /home/uav/cs2_ws/install/crazyflie_description/share/crazyflie_description//meshes/collada_files/cf2_assembly_with_props.dae
[0.428s] -- Up-to-date symlink: /home/uav/cs2_ws/install/crazyflie_description/share/crazyflie_description//meshes/collada_files/cw_prop.dae
[0.429s] -- Up-to-date symlink: /home/uav/cs2_ws/install/crazyflie_description/share/crazyflie_description//rviz/crazyflie_body.rviz
[0.429s] -- Up-to-date symlink: /home/uav/cs2_ws/install/crazyflie_description/share/crazyflie_description//config/ros_gz_crazyflie_bridge.yaml
[0.429s] -- Up-to-date symlink: /home/uav/cs2_ws/install/crazyflie_description/share/ament_index/resource_index/package_run_dependencies/crazyflie_description
[0.429s] -- Up-to-date symlink: /home/uav/cs2_ws/install/crazyflie_description/share/ament_index/resource_index/parent_prefix_path/crazyflie_description
[0.429s] -- Up-to-date symlink: /home/uav/cs2_ws/install/crazyflie_description/share/crazyflie_description/environment/ament_prefix_path.sh
[0.429s] -- Up-to-date symlink: /home/uav/cs2_ws/install/crazyflie_description/share/crazyflie_description/environment/ament_prefix_path.dsv
[0.430s] -- Up-to-date symlink: /home/uav/cs2_ws/install/crazyflie_description/share/crazyflie_description/environment/path.sh
[0.430s] -- Up-to-date symlink: /home/uav/cs2_ws/install/crazyflie_description/share/crazyflie_description/environment/path.dsv
[0.430s] -- Up-to-date symlink: /home/uav/cs2_ws/install/crazyflie_description/share/crazyflie_description/local_setup.bash
[0.430s] -- Up-to-date symlink: /home/uav/cs2_ws/install/crazyflie_description/share/crazyflie_description/local_setup.sh
[0.430s] -- Up-to-date symlink: /home/uav/cs2_ws/install/crazyflie_description/share/crazyflie_description/local_setup.zsh
[0.430s] -- Up-to-date symlink: /home/uav/cs2_ws/install/crazyflie_description/share/crazyflie_description/local_setup.dsv
[0.431s] -- Symlinking: /home/uav/cs2_ws/install/crazyflie_description/share/crazyflie_description/package.dsv
[0.439s] -- Up-to-date symlink: /home/uav/cs2_ws/install/crazyflie_description/share/ament_index/resource_index/packages/crazyflie_description
[0.439s] -- Up-to-date symlink: /home/uav/cs2_ws/install/crazyflie_description/share/crazyflie_description/cmake/crazyflie_descriptionConfig.cmake
[0.439s] -- Up-to-date symlink: /home/uav/cs2_ws/install/crazyflie_description/share/crazyflie_description/cmake/crazyflie_descriptionConfig-version.cmake
[0.439s] -- Up-to-date symlink: /home/uav/cs2_ws/install/crazyflie_description/share/crazyflie_description/package.xml
[0.442s] Invoked command in '/home/uav/cs2_ws/build/crazyflie_description' returned '0': CMAKE_PREFIX_PATH=${CMAKE_PREFIX_PATH}:/home/uav/cs2_ws/install/ros_gz_crazyflie_control:/home/uav/cs2_ws/install/crazyflie_py:/opt/ros/humble /usr/bin/cmake --install /home/uav/cs2_ws/build/crazyflie_description
